mode: atomic
github.com/thediveo/lxkns/discovery.go:79.65,82.44 3 1
github.com/thediveo/lxkns/discovery.go:82.44,84.3 1 1
github.com/thediveo/lxkns/discovery.go:85.2,85.18 1 1
github.com/thediveo/lxkns/discovery.go:92.70,95.44 3 1
github.com/thediveo/lxkns/discovery.go:95.44,97.3 1 1
github.com/thediveo/lxkns/discovery.go:98.2,98.18 1 1
github.com/thediveo/lxkns/discovery.go:102.67,107.27 3 1
github.com/thediveo/lxkns/discovery.go:107.27,110.3 2 2
github.com/thediveo/lxkns/discovery.go:111.2,111.41 1 1
github.com/thediveo/lxkns/discovery.go:111.41,113.3 1 1
github.com/thediveo/lxkns/discovery.go:114.2,114.15 1 1
github.com/thediveo/lxkns/discovery.go:121.95,123.2 1 1
github.com/thediveo/lxkns/discovery.go:128.65,130.27 2 23
github.com/thediveo/lxkns/discovery.go:130.27,132.10 2 27
github.com/thediveo/lxkns/discovery.go:132.10,135.50 1 1
github.com/thediveo/lxkns/discovery.go:137.3,137.26 1 26
github.com/thediveo/lxkns/discovery.go:137.26,139.4 1 19
github.com/thediveo/lxkns/discovery.go:141.2,141.15 1 22
github.com/thediveo/lxkns/discovery.go:157.13,158.93 1 7
github.com/thediveo/lxkns/discovery.go:158.93,159.56 1 56
github.com/thediveo/lxkns/discovery.go:159.56,161.4 1 42
github.com/thediveo/lxkns/discovery.go:169.51,176.40 2 12
github.com/thediveo/lxkns/discovery.go:176.40,181.3 1 11
github.com/thediveo/lxkns/discovery.go:183.2,183.37 1 12
github.com/thediveo/lxkns/discovery.go:183.37,185.3 1 96
github.com/thediveo/lxkns/discovery.go:192.2,192.36 1 12
github.com/thediveo/lxkns/discovery.go:192.36,193.28 1 60
github.com/thediveo/lxkns/discovery.go:193.28,195.4 1 24
github.com/thediveo/lxkns/discovery.go:195.9,196.42 1 36
github.com/thediveo/lxkns/discovery.go:196.42,197.91 1 216
github.com/thediveo/lxkns/discovery.go:197.91,199.6 1 200
github.com/thediveo/lxkns/discovery.go:204.2,204.62 1 12
github.com/thediveo/lxkns/discovery.go:204.62,206.3 1 11
github.com/thediveo/lxkns/discovery.go:207.2,207.61 1 12
github.com/thediveo/lxkns/discovery.go:207.61,209.3 1 11
github.com/thediveo/lxkns/discovery.go:214.2,214.15 1 12
github.com/thediveo/lxkns/discovery_bindmount.go:51.85,52.35 1 12
github.com/thediveo/lxkns/discovery_bindmount.go:52.35,54.3 1 8
github.com/thediveo/lxkns/discovery_bindmount.go:58.2,58.71 1 4
github.com/thediveo/lxkns/discovery_bindmount.go:58.71,59.42 1 5
github.com/thediveo/lxkns/discovery_bindmount.go:59.42,64.11 3 10
github.com/thediveo/lxkns/discovery_bindmount.go:64.11,70.5 3 9
github.com/thediveo/lxkns/discovery_bindmount.go:73.4,73.82 1 10
github.com/thediveo/lxkns/discovery_bindmount.go:73.82,75.5 1 5
github.com/thediveo/lxkns/discovery_bindmount.go:80.2,86.57 3 4
github.com/thediveo/lxkns/discovery_bindmount.go:86.57,88.3 1 10
github.com/thediveo/lxkns/discovery_bindmount.go:93.2,104.30 5 4
github.com/thediveo/lxkns/discovery_bindmount.go:104.30,107.44 3 10
github.com/thediveo/lxkns/discovery_bindmount.go:107.44,108.12 1 4
github.com/thediveo/lxkns/discovery_bindmount.go:119.3,120.77 2 6
github.com/thediveo/lxkns/discovery_bindmount.go:120.77,125.32 3 6
github.com/thediveo/lxkns/discovery_bindmount.go:125.32,132.5 1 1
github.com/thediveo/lxkns/discovery_bindmount.go:136.3,139.71 3 6
github.com/thediveo/lxkns/discovery_bindmount.go:139.71,144.4 1 1
github.com/thediveo/lxkns/discovery_bindmount.go:144.10,147.4 0 5
github.com/thediveo/lxkns/discovery_bindmount.go:152.13,154.2 1 7
github.com/thediveo/lxkns/discovery_bindmount.go:160.31,161.77 1 1
github.com/thediveo/lxkns/discovery_bindmount.go:161.77,162.21 1 0
github.com/thediveo/lxkns/discovery_bindmount.go:168.51,177.30 3 5
github.com/thediveo/lxkns/discovery_bindmount.go:177.30,189.17 6 10
github.com/thediveo/lxkns/discovery_bindmount.go:189.17,190.12 1 5
github.com/thediveo/lxkns/discovery_bindmount.go:192.3,196.46 3 5
github.com/thediveo/lxkns/discovery_bindmount.go:196.46,199.4 2 5
github.com/thediveo/lxkns/discovery_bindmount.go:200.3,200.45 1 5
github.com/thediveo/lxkns/discovery_bindmount.go:202.2,202.24 1 5
github.com/thediveo/lxkns/discovery_fd.go:40.86,41.28 1 12
github.com/thediveo/lxkns/discovery_fd.go:41.28,43.3 1 7
github.com/thediveo/lxkns/discovery_fd.go:44.2,44.34 1 5
github.com/thediveo/lxkns/discovery_fd.go:49.95,53.36 1 7
github.com/thediveo/lxkns/discovery_fd.go:53.36,56.17 3 275
github.com/thediveo/lxkns/discovery_fd.go:56.17,57.12 1 178
github.com/thediveo/lxkns/discovery_fd.go:59.3,59.37 1 97
github.com/thediveo/lxkns/discovery_fd.go:59.37,63.42 1 1255
github.com/thediveo/lxkns/discovery_fd.go:63.42,64.13 1 4
github.com/thediveo/lxkns/discovery_fd.go:72.4,74.18 3 1251
github.com/thediveo/lxkns/discovery_fd.go:74.18,75.13 1 5
github.com/thediveo/lxkns/discovery_fd.go:80.4,81.30 2 1246
github.com/thediveo/lxkns/discovery_fd.go:81.30,82.13 1 1243
github.com/thediveo/lxkns/discovery_fd.go:87.4,88.49 2 3
github.com/thediveo/lxkns/discovery_fd.go:88.49,89.20 1 2
github.com/thediveo/lxkns/discovery_fd.go:89.20,90.14 1 0
github.com/thediveo/lxkns/discovery_fd.go:92.5,92.51 1 2
github.com/thediveo/lxkns/discovery_fd.go:92.51,93.14 1 0
github.com/thediveo/lxkns/discovery_fd.go:96.4,102.55 3 3
github.com/thediveo/lxkns/discovery_fd.go:102.55,103.13 1 1
github.com/thediveo/lxkns/discovery_fd.go:105.4,106.47 1 2
github.com/thediveo/lxkns/discovery_hierarchy.go:57.89,58.34 1 22
github.com/thediveo/lxkns/discovery_hierarchy.go:58.34,60.3 1 8
github.com/thediveo/lxkns/discovery_hierarchy.go:61.2,63.32 3 14
github.com/thediveo/lxkns/discovery_hierarchy.go:63.32,65.43 2 21
github.com/thediveo/lxkns/discovery_hierarchy.go:65.43,69.12 1 2
github.com/thediveo/lxkns/discovery_hierarchy.go:74.3,75.17 2 19
github.com/thediveo/lxkns/discovery_hierarchy.go:75.17,76.12 1 0
github.com/thediveo/lxkns/discovery_hierarchy.go:78.3,81.7 3 19
github.com/thediveo/lxkns/discovery_hierarchy.go:81.7,86.44 1 26
github.com/thediveo/lxkns/discovery_hierarchy.go:86.44,87.10 1 0
github.com/thediveo/lxkns/discovery_hierarchy.go:92.4,92.39 1 26
github.com/thediveo/lxkns/discovery_hierarchy.go:92.39,94.5 1 17
github.com/thediveo/lxkns/discovery_hierarchy.go:99.4,100.18 2 26
github.com/thediveo/lxkns/discovery_hierarchy.go:100.18,106.10 1 19
github.com/thediveo/lxkns/discovery_hierarchy.go:108.4,109.18 2 7
github.com/thediveo/lxkns/discovery_hierarchy.go:109.18,115.55 1 0
github.com/thediveo/lxkns/discovery_hierarchy.go:117.4,118.11 2 7
github.com/thediveo/lxkns/discovery_hierarchy.go:118.11,132.5 2 2
github.com/thediveo/lxkns/discovery_hierarchy.go:135.4,138.19 4 7
github.com/thediveo/lxkns/discovery_hierarchy.go:141.3,141.26 1 19
github.com/thediveo/lxkns/discovery_owners.go:32.88,33.69 1 89
github.com/thediveo/lxkns/discovery_owners.go:33.69,35.3 1 54
github.com/thediveo/lxkns/discovery_owners.go:39.2,42.27 4 35
github.com/thediveo/lxkns/discovery_owners.go:42.27,44.3 1 42
github.com/thediveo/lxkns/discovery_proc.go:47.88,48.30 1 89
github.com/thediveo/lxkns/discovery_proc.go:48.30,50.3 1 16
github.com/thediveo/lxkns/discovery_proc.go:51.2,56.42 4 73
github.com/thediveo/lxkns/discovery_proc.go:56.42,69.17 3 3117
github.com/thediveo/lxkns/discovery_proc.go:69.17,70.12 1 1945
github.com/thediveo/lxkns/discovery_proc.go:75.3,77.17 3 1172
github.com/thediveo/lxkns/discovery_proc.go:77.17,79.12 2 0
github.com/thediveo/lxkns/discovery_proc.go:81.3,82.10 2 1172
github.com/thediveo/lxkns/discovery_proc.go:82.10,90.4 2 75
github.com/thediveo/lxkns/discovery_proc.go:95.3,102.71 2 1172
github.com/thediveo/lxkns/discovery_proc.go:102.71,104.4 1 546
github.com/thediveo/lxkns/discovery_proc.go:106.3,106.14 1 1172
github.com/thediveo/lxkns/discovery_proc.go:110.2,110.42 1 73
github.com/thediveo/lxkns/discovery_proc.go:110.42,115.40 1 3117
github.com/thediveo/lxkns/discovery_proc.go:115.40,119.33 1 1945
github.com/thediveo/lxkns/discovery_proc.go:119.33,121.5 1 1780
github.com/thediveo/lxkns/discovery_proc.go:122.4,122.12 1 1945
github.com/thediveo/lxkns/discovery_proc.go:128.3,130.82 3 1172
github.com/thediveo/lxkns/discovery_proc.go:130.82,133.4 2 3810
github.com/thediveo/lxkns/discovery_proc.go:134.3,134.72 1 1172
github.com/thediveo/lxkns/discovery_proc.go:138.2,138.27 1 73
github.com/thediveo/lxkns/discovery_proc.go:138.27,139.48 1 75
github.com/thediveo/lxkns/discovery_proc.go:139.48,142.4 1 75
github.com/thediveo/lxkns/internal/namespaces/hierarchical.go:31.60,31.81 1 117
github.com/thediveo/lxkns/internal/namespaces/hierarchical.go:35.64,35.87 1 3
github.com/thediveo/lxkns/internal/namespaces/hierarchical.go:40.51,43.2 1 0
github.com/thediveo/lxkns/internal/namespaces/hierarchical.go:47.65,50.23 2 0
github.com/thediveo/lxkns/internal/namespaces/hierarchical.go:50.23,52.3 1 0
github.com/thediveo/lxkns/internal/namespaces/hierarchical.go:52.8,54.3 1 0
github.com/thediveo/lxkns/internal/namespaces/hierarchical.go:56.2,56.28 1 0
github.com/thediveo/lxkns/internal/namespaces/hierarchical.go:56.28,58.3 1 0
github.com/thediveo/lxkns/internal/namespaces/hierarchical.go:58.8,60.40 2 0
github.com/thediveo/lxkns/internal/namespaces/hierarchical.go:60.40,62.4 1 0
github.com/thediveo/lxkns/internal/namespaces/hierarchical.go:63.3,63.47 1 0
github.com/thediveo/lxkns/internal/namespaces/hierarchical.go:65.2,65.64 1 0
github.com/thediveo/lxkns/internal/namespaces/hierarchical.go:71.67,74.2 2 1
github.com/thediveo/lxkns/internal/namespaces/hierarchical.go:78.69,79.23 1 7
github.com/thediveo/lxkns/internal/namespaces/hierarchical.go:79.23,82.29 1 0
github.com/thediveo/lxkns/internal/namespaces/hierarchical.go:84.2,84.21 1 7
github.com/thediveo/lxkns/internal/namespaces/hierarchical.go:93.78,95.2 1 5
github.com/thediveo/lxkns/internal/namespaces/new.go:14.94,15.16 1 92
github.com/thediveo/lxkns/internal/namespaces/new.go:16.29,30.33 2 18
github.com/thediveo/lxkns/internal/namespaces/new.go:30.33,32.4 1 144
github.com/thediveo/lxkns/internal/namespaces/new.go:33.3,33.14 1 18
github.com/thediveo/lxkns/internal/namespaces/new.go:34.28,41.4 1 10
github.com/thediveo/lxkns/internal/namespaces/new.go:42.10,43.63 1 64
github.com/thediveo/lxkns/internal/namespaces/plain.go:38.53,38.72 1 34
github.com/thediveo/lxkns/internal/namespaces/plain.go:42.57,42.78 1 16
github.com/thediveo/lxkns/internal/namespaces/plain.go:47.52,47.72 1 6
github.com/thediveo/lxkns/internal/namespaces/plain.go:58.41,58.59 1 32
github.com/thediveo/lxkns/internal/namespaces/plain.go:63.55,63.77 1 75
github.com/thediveo/lxkns/internal/namespaces/plain.go:70.59,73.35 1 0
github.com/thediveo/lxkns/internal/namespaces/plain.go:73.35,74.15 1 0
github.com/thediveo/lxkns/internal/namespaces/plain.go:74.15,76.4 1 0
github.com/thediveo/lxkns/internal/namespaces/plain.go:76.9,76.42 1 0
github.com/thediveo/lxkns/internal/namespaces/plain.go:76.42,78.4 1 0
github.com/thediveo/lxkns/internal/namespaces/plain.go:78.9,78.63 1 0
github.com/thediveo/lxkns/internal/namespaces/plain.go:78.63,88.4 1 0
github.com/thediveo/lxkns/internal/namespaces/plain.go:90.2,90.8 1 0
github.com/thediveo/lxkns/internal/namespaces/plain.go:96.57,98.39 2 7
github.com/thediveo/lxkns/internal/namespaces/plain.go:98.39,100.3 1 21
github.com/thediveo/lxkns/internal/namespaces/plain.go:101.2,101.13 1 7
github.com/thediveo/lxkns/internal/namespaces/plain.go:106.44,108.22 2 0
github.com/thediveo/lxkns/internal/namespaces/plain.go:108.22,112.3 1 0
github.com/thediveo/lxkns/internal/namespaces/plain.go:112.8,114.3 1 0
github.com/thediveo/lxkns/internal/namespaces/plain.go:115.2,115.38 1 0
github.com/thediveo/lxkns/internal/namespaces/plain.go:115.38,117.3 1 0
github.com/thediveo/lxkns/internal/namespaces/plain.go:118.2,118.10 1 0
github.com/thediveo/lxkns/internal/namespaces/plain.go:123.50,125.2 1 1
github.com/thediveo/lxkns/internal/namespaces/plain.go:128.50,129.27 1 0
github.com/thediveo/lxkns/internal/namespaces/plain.go:129.27,131.3 1 0
github.com/thediveo/lxkns/internal/namespaces/plain.go:132.2,133.37 2 0
github.com/thediveo/lxkns/internal/namespaces/plain.go:133.37,135.3 1 0
github.com/thediveo/lxkns/internal/namespaces/plain.go:136.2,136.65 1 0
github.com/thediveo/lxkns/internal/namespaces/plain.go:142.59,143.37 1 1172
github.com/thediveo/lxkns/internal/namespaces/plain.go:143.37,144.21 1 1576
github.com/thediveo/lxkns/internal/namespaces/plain.go:144.21,146.4 1 969
github.com/thediveo/lxkns/internal/namespaces/plain.go:148.2,148.41 1 203
github.com/thediveo/lxkns/internal/namespaces/plain.go:152.47,154.2 1 84
github.com/thediveo/lxkns/internal/namespaces/plain.go:159.56,160.16 1 546
github.com/thediveo/lxkns/internal/namespaces/plain.go:160.16,162.3 1 0
github.com/thediveo/lxkns/internal/namespaces/plain.go:165.2,166.16 2 546
github.com/thediveo/lxkns/internal/namespaces/plain.go:166.16,168.3 1 0
github.com/thediveo/lxkns/internal/namespaces/plain.go:172.2,173.29 2 546
github.com/thediveo/lxkns/internal/namespaces/plain.go:177.67,179.2 1 5
github.com/thediveo/lxkns/internal/namespaces/plain.go:183.71,185.2 1 37
github.com/thediveo/lxkns/internal/namespaces/plain.go:194.98,200.37 1 42
github.com/thediveo/lxkns/internal/namespaces/plain.go:200.37,202.18 2 38
github.com/thediveo/lxkns/internal/namespaces/plain.go:202.18,204.4 1 0
github.com/thediveo/lxkns/internal/namespaces/plain.go:205.3,211.69 3 38
github.com/thediveo/lxkns/internal/namespaces/user.go:33.37,33.60 1 0
github.com/thediveo/lxkns/internal/namespaces/user.go:38.57,38.79 1 0
github.com/thediveo/lxkns/internal/namespaces/user.go:42.43,45.16 3 0
github.com/thediveo/lxkns/internal/namespaces/user.go:45.16,47.3 1 0
github.com/thediveo/lxkns/internal/namespaces/user.go:48.2,50.42 3 0
github.com/thediveo/lxkns/internal/namespaces/user.go:50.42,51.37 1 0
github.com/thediveo/lxkns/internal/namespaces/user.go:51.37,53.4 1 0
github.com/thediveo/lxkns/internal/namespaces/user.go:55.2,55.17 1 0
github.com/thediveo/lxkns/internal/namespaces/user.go:55.17,57.3 1 0
github.com/thediveo/lxkns/internal/namespaces/user.go:58.2,60.19 3 0
github.com/thediveo/lxkns/internal/namespaces/user.go:60.19,62.3 1 0
github.com/thediveo/lxkns/internal/namespaces/user.go:63.2,68.10 1 0
github.com/thediveo/lxkns/internal/namespaces/user.go:73.63,75.2 1 17
github.com/thediveo/lxkns/internal/namespaces/user.go:79.48,81.2 1 0
github.com/thediveo/lxkns/internal/namespaces/user.go:89.70,91.2 1 0
github.com/thediveo/lxkns/internal/namespaces/user.go:102.59,105.2 2 6
github.com/thediveo/lxkns/model/namespaces.go:93.65,94.40 1 192
github.com/thediveo/lxkns/model/namespaces.go:94.40,96.3 1 192
github.com/thediveo/lxkns/model/namespaces.go:97.2,97.11 1 0
github.com/thediveo/lxkns/model/namespaces.go:200.40,202.69 2 0
github.com/thediveo/lxkns/model/namespaces.go:202.69,204.3 1 0
github.com/thediveo/lxkns/model/namespaces.go:205.2,205.14 1 0
github.com/thediveo/lxkns/model/process.go:61.48,62.24 1 0
github.com/thediveo/lxkns/model/process.go:62.24,63.60 1 0
github.com/thediveo/lxkns/model/process.go:63.60,65.4 1 0
github.com/thediveo/lxkns/model/process.go:65.9,67.4 1 0
github.com/thediveo/lxkns/model/process.go:71.2,71.20 1 0
github.com/thediveo/lxkns/model/process.go:71.20,73.3 1 0
github.com/thediveo/lxkns/model/process.go:76.2,76.20 1 0
github.com/thediveo/lxkns/model/process.go:76.20,78.3 1 0
github.com/thediveo/lxkns/model/process.go:79.2,79.8 1 0
github.com/thediveo/lxkns/model/process.go:85.46,87.2 1 0
github.com/thediveo/lxkns/model/process.go:91.63,94.16 3 2356
github.com/thediveo/lxkns/model/process.go:94.16,96.3 1 2
github.com/thediveo/lxkns/model/process.go:97.2,98.17 2 2354
github.com/thediveo/lxkns/model/process.go:98.17,100.3 1 0
github.com/thediveo/lxkns/model/process.go:104.2,105.16 2 2354
github.com/thediveo/lxkns/model/process.go:105.16,108.35 3 2354
github.com/thediveo/lxkns/model/process.go:108.35,110.4 1 3797
github.com/thediveo/lxkns/model/process.go:112.2,112.13 1 2354
github.com/thediveo/lxkns/model/process.go:118.62,125.22 3 2354
github.com/thediveo/lxkns/model/process.go:125.22,127.3 1 0
github.com/thediveo/lxkns/model/process.go:128.2,129.27 2 2354
github.com/thediveo/lxkns/model/process.go:129.27,131.3 1 0
github.com/thediveo/lxkns/model/process.go:132.2,140.19 4 2354
github.com/thediveo/lxkns/model/process.go:140.19,142.3 1 0
github.com/thediveo/lxkns/model/process.go:143.2,144.17 2 2354
github.com/thediveo/lxkns/model/process.go:144.17,146.3 1 0
github.com/thediveo/lxkns/model/process.go:147.2,154.32 2 2354
github.com/thediveo/lxkns/model/process.go:154.32,156.3 1 0
github.com/thediveo/lxkns/model/process.go:157.2,158.24 2 2354
github.com/thediveo/lxkns/model/process.go:158.24,160.3 1 0
github.com/thediveo/lxkns/model/process.go:164.2,165.28 2 2354
github.com/thediveo/lxkns/model/process.go:165.28,167.3 1 0
github.com/thediveo/lxkns/model/process.go:168.2,172.26 3 2354
github.com/thediveo/lxkns/model/process.go:172.26,174.3 1 0
github.com/thediveo/lxkns/model/process.go:175.2,176.8 2 2354
github.com/thediveo/lxkns/model/process.go:183.32,186.2 2 0
github.com/thediveo/lxkns/model/process.go:189.35,190.14 1 0
github.com/thediveo/lxkns/model/process.go:190.14,192.3 1 0
github.com/thediveo/lxkns/model/process.go:193.2,193.73 1 0
github.com/thediveo/lxkns/model/process.go:199.42,201.2 1 12
github.com/thediveo/lxkns/model/process.go:205.57,207.16 2 12
github.com/thediveo/lxkns/model/process.go:207.16,209.3 1 0
github.com/thediveo/lxkns/model/process.go:212.2,213.40 2 12
github.com/thediveo/lxkns/model/process.go:213.40,217.29 2 3064
github.com/thediveo/lxkns/model/process.go:217.29,218.12 1 708
github.com/thediveo/lxkns/model/process.go:220.3,221.18 2 2356
github.com/thediveo/lxkns/model/process.go:221.18,222.12 1 2
github.com/thediveo/lxkns/model/process.go:224.3,224.22 1 2354
github.com/thediveo/lxkns/model/process.go:231.2,231.26 1 12
github.com/thediveo/lxkns/model/process.go:231.26,232.38 1 2354
github.com/thediveo/lxkns/model/process.go:232.38,235.4 2 2330
github.com/thediveo/lxkns/model/process.go:238.2,240.8 2 12
github.com/thediveo/lxkns/model/process.go:247.42,247.59 1 0
github.com/thediveo/lxkns/model/process.go:248.42,248.69 1 0
github.com/thediveo/lxkns/model/process.go:249.47,251.2 1 0
github.com/thediveo/lxkns/model/process.go:257.43,258.27 1 12
github.com/thediveo/lxkns/model/process.go:258.27,260.3 1 2354
github.com/thediveo/lxkns/model/process.go:261.2,261.12 1 12
github.com/thediveo/lxkns/model/process.go:269.59,271.16 2 2354
github.com/thediveo/lxkns/model/process.go:271.16,273.3 1 0
github.com/thediveo/lxkns/model/process.go:274.2,276.21 3 2354
github.com/thediveo/lxkns/model/process.go:276.21,277.17 1 14124
github.com/thediveo/lxkns/model/process.go:277.17,286.70 1 14124
github.com/thediveo/lxkns/model/process.go:286.70,288.38 2 14124
github.com/thediveo/lxkns/model/process.go:288.38,289.28 1 16478
github.com/thediveo/lxkns/model/process.go:289.28,295.20 2 2354
github.com/thediveo/lxkns/model/process.go:295.20,297.8 1 1524
github.com/thediveo/lxkns/model/process.go:298.7,298.16 1 830
github.com/thediveo/lxkns/model/process.go:304.2,304.11 1 0
github.com/thediveo/lxkns/ops/errors.go:42.83,43.18 1 0
github.com/thediveo/lxkns/ops/errors.go:43.18,45.3 1 0
github.com/thediveo/lxkns/ops/errors.go:46.2,46.67 1 0
github.com/thediveo/lxkns/ops/errors.go:51.98,56.2 1 19
github.com/thediveo/lxkns/ops/errors.go:59.48,61.17 2 0
github.com/thediveo/lxkns/ops/errors.go:61.17,63.3 1 0
github.com/thediveo/lxkns/ops/errors.go:64.2,64.18 1 0
github.com/thediveo/lxkns/ops/errors.go:64.18,66.3 1 0
github.com/thediveo/lxkns/ops/errors.go:67.2,67.10 1 0
github.com/thediveo/lxkns/ops/errors.go:71.48,71.64 1 0
github.com/thediveo/lxkns/ops/errors.go:74.50,77.18 2 0
github.com/thediveo/lxkns/ops/errors.go:77.18,79.3 1 0
github.com/thediveo/lxkns/ops/errors.go:80.2,80.10 1 0
github.com/thediveo/lxkns/ops/fd.go:37.41,39.2 1 0
github.com/thediveo/lxkns/ops/fd.go:45.63,47.16 2 0
github.com/thediveo/lxkns/ops/fd.go:47.16,49.3 1 0
github.com/thediveo/lxkns/ops/fd.go:50.2,50.38 1 0
github.com/thediveo/lxkns/ops/fd.go:57.59,59.2 1 0
github.com/thediveo/lxkns/ops/fd.go:67.52,76.2 2 0
github.com/thediveo/lxkns/ops/fd.go:83.54,89.2 2 0
github.com/thediveo/lxkns/ops/fd.go:95.49,97.2 1 0
github.com/thediveo/lxkns/ops/fd.go:103.64,105.46 2 1757
github.com/thediveo/lxkns/ops/fd.go:105.46,107.3 1 0
github.com/thediveo/lxkns/ops/fd.go:108.2,108.63 1 1757
github.com/thediveo/lxkns/ops/fd.go:115.85,117.16 2 0
github.com/thediveo/lxkns/ops/fd.go:117.16,119.3 1 0
github.com/thediveo/lxkns/ops/fd.go:120.2,121.25 2 0
github.com/thediveo/lxkns/ops/fd.go:121.26,121.27 0 0
github.com/thediveo/lxkns/ops/fd.go:134.71,135.27 1 0
github.com/thediveo/lxkns/ops/fd.go:135.28,135.29 0 0
github.com/thediveo/lxkns/ops/file.go:42.70,43.28 1 0
github.com/thediveo/lxkns/ops/file.go:43.28,45.3 1 0
github.com/thediveo/lxkns/ops/file.go:46.2,46.48 1 0
github.com/thediveo/lxkns/ops/file.go:51.86,52.16 1 0
github.com/thediveo/lxkns/ops/file.go:52.16,54.3 1 0
github.com/thediveo/lxkns/ops/file.go:55.2,55.48 1 0
github.com/thediveo/lxkns/ops/file.go:55.48,57.3 1 0
github.com/thediveo/lxkns/ops/file.go:58.2,60.38 1 0
github.com/thediveo/lxkns/ops/file.go:66.46,74.15 1 19
github.com/thediveo/lxkns/ops/file.go:74.15,75.35 1 19
github.com/thediveo/lxkns/ops/file.go:75.35,77.4 1 0
github.com/thediveo/lxkns/ops/file.go:79.2,79.65 1 19
github.com/thediveo/lxkns/ops/file.go:86.64,88.16 2 0
github.com/thediveo/lxkns/ops/file.go:88.16,90.3 1 0
github.com/thediveo/lxkns/ops/file.go:91.2,91.38 1 0
github.com/thediveo/lxkns/ops/file.go:96.60,98.2 1 1736
github.com/thediveo/lxkns/ops/file.go:104.53,113.2 2 546
github.com/thediveo/lxkns/ops/file.go:120.55,126.2 2 0
github.com/thediveo/lxkns/ops/file.go:132.50,134.2 1 17
github.com/thediveo/lxkns/ops/file.go:140.86,142.16 2 0
github.com/thediveo/lxkns/ops/file.go:142.16,144.3 1 0
github.com/thediveo/lxkns/ops/file.go:145.2,145.25 1 0
github.com/thediveo/lxkns/ops/file.go:145.26,145.27 0 0
github.com/thediveo/lxkns/ops/file.go:159.58,160.31 1 0
github.com/thediveo/lxkns/ops/file.go:160.32,160.33 0 0
github.com/thediveo/lxkns/ops/ioctl.go:53.45,55.2 1 600
github.com/thediveo/lxkns/ops/ioctl.go:57.33,59.2 1 600
github.com/thediveo/lxkns/ops/ioctl.go:74.43,77.16 2 583
github.com/thediveo/lxkns/ops/ioctl.go:77.16,79.3 1 19
github.com/thediveo/lxkns/ops/ioctl.go:80.2,80.24 1 564
github.com/thediveo/lxkns/ops/owneruid.go:33.52,43.16 3 17
github.com/thediveo/lxkns/ops/owneruid.go:43.16,45.3 1 0
github.com/thediveo/lxkns/ops/owneruid.go:46.2,46.22 1 17
github.com/thediveo/lxkns/ops/path.go:34.42,36.2 1 0
github.com/thediveo/lxkns/ops/path.go:42.64,47.16 2 0
github.com/thediveo/lxkns/ops/path.go:47.16,49.3 1 0
github.com/thediveo/lxkns/ops/path.go:50.2,52.16 3 0
github.com/thediveo/lxkns/ops/path.go:52.16,54.3 1 0
github.com/thediveo/lxkns/ops/path.go:55.2,55.38 1 0
github.com/thediveo/lxkns/ops/path.go:60.60,63.16 2 26
github.com/thediveo/lxkns/ops/path.go:63.16,65.3 1 5
github.com/thediveo/lxkns/ops/path.go:66.2,67.27 2 21
github.com/thediveo/lxkns/ops/path.go:74.53,77.16 2 11
github.com/thediveo/lxkns/ops/path.go:77.16,79.3 1 0
github.com/thediveo/lxkns/ops/path.go:80.2,88.91 3 11
github.com/thediveo/lxkns/ops/path.go:96.55,98.16 2 0
github.com/thediveo/lxkns/ops/path.go:98.16,100.3 1 0
github.com/thediveo/lxkns/ops/path.go:101.2,106.48 3 0
github.com/thediveo/lxkns/ops/path.go:113.50,115.16 2 0
github.com/thediveo/lxkns/ops/path.go:115.16,117.3 1 0
github.com/thediveo/lxkns/ops/path.go:118.2,119.26 2 0
github.com/thediveo/lxkns/ops/path.go:126.86,128.16 2 0
github.com/thediveo/lxkns/ops/path.go:128.16,130.3 1 0
github.com/thediveo/lxkns/ops/path.go:131.2,132.16 2 0
github.com/thediveo/lxkns/ops/path.go:132.16,134.3 1 0
github.com/thediveo/lxkns/ops/path.go:135.2,135.25 1 0
github.com/thediveo/lxkns/ops/path.go:135.25,135.44 1 0
github.com/thediveo/lxkns/ops/path.go:149.58,152.16 3 0
github.com/thediveo/lxkns/ops/path.go:152.16,154.3 1 0
github.com/thediveo/lxkns/ops/path.go:155.2,155.26 1 0
github.com/thediveo/lxkns/ops/path.go:155.26,155.50 1 0
github.com/thediveo/lxkns/ops/switchns.go:37.47,39.12 2 0
github.com/thediveo/lxkns/ops/switchns.go:39.12,46.32 2 0
github.com/thediveo/lxkns/ops/switchns.go:46.32,57.18 2 0
github.com/thediveo/lxkns/ops/switchns.go:57.18,60.5 2 0
github.com/thediveo/lxkns/ops/switchns.go:61.4,63.18 3 0
github.com/thediveo/lxkns/ops/switchns.go:63.18,68.5 2 0
github.com/thediveo/lxkns/ops/switchns.go:72.3,73.6 2 0
github.com/thediveo/lxkns/ops/switchns.go:78.2,78.18 1 0
github.com/thediveo/lxkns/ops/switchns.go:84.79,86.22 2 0
github.com/thediveo/lxkns/ops/switchns.go:86.22,88.3 1 0
github.com/thediveo/lxkns/ops/switchns.go:88.28,90.3 1 0
github.com/thediveo/lxkns/ops/switchns.go:91.2,91.22 1 0
github.com/thediveo/lxkns/ops/switchns.go:111.56,120.15 4 0
github.com/thediveo/lxkns/ops/switchns.go:120.15,125.51 1 0
github.com/thediveo/lxkns/ops/switchns.go:125.51,126.80 1 0
github.com/thediveo/lxkns/ops/switchns.go:126.80,132.5 1 0
github.com/thediveo/lxkns/ops/switchns.go:133.4,133.28 1 0
github.com/thediveo/lxkns/ops/switchns.go:137.3,137.41 1 0
github.com/thediveo/lxkns/ops/switchns.go:137.41,139.4 1 0
github.com/thediveo/lxkns/ops/switchns.go:149.2,149.31 1 0
github.com/thediveo/lxkns/ops/switchns.go:149.31,157.17 4 0
github.com/thediveo/lxkns/ops/switchns.go:157.17,160.4 2 0
github.com/thediveo/lxkns/ops/switchns.go:161.3,165.17 4 0
github.com/thediveo/lxkns/ops/switchns.go:165.17,169.4 3 0
github.com/thediveo/lxkns/ops/switchns.go:170.3,172.23 3 0
github.com/thediveo/lxkns/ops/switchns.go:172.23,178.4 4 0
github.com/thediveo/lxkns/ops/switchns.go:179.3,183.17 5 0
github.com/thediveo/lxkns/ops/switchns.go:183.17,189.4 4 0
github.com/thediveo/lxkns/ops/switchns.go:192.3,195.17 4 0
github.com/thediveo/lxkns/ops/switchns.go:195.17,199.4 3 0
github.com/thediveo/lxkns/ops/switchns.go:201.3,205.5 1 0
github.com/thediveo/lxkns/ops/switchns.go:208.2,209.8 2 0
github.com/thediveo/lxkns/ops/typedfd.go:38.91,39.16 1 0
github.com/thediveo/lxkns/ops/typedfd.go:47.24,51.9 1 0
github.com/thediveo/lxkns/ops/typedfd.go:53.2,53.61 1 0
github.com/thediveo/lxkns/ops/typedfd.go:61.46,63.2 1 0
github.com/thediveo/lxkns/ops/typedfd.go:70.68,72.2 1 0
github.com/thediveo/lxkns/ops/typedfd.go:78.91,79.22 1 0
github.com/thediveo/lxkns/ops/typedfd.go:79.23,79.24 0 0
github.com/thediveo/lxkns/ops/typedfile.go:41.99,42.29 1 1191
github.com/thediveo/lxkns/ops/typedfile.go:42.29,44.17 2 0
github.com/thediveo/lxkns/ops/typedfile.go:44.17,46.4 1 0
github.com/thediveo/lxkns/ops/typedfile.go:47.3,47.36 1 0
github.com/thediveo/lxkns/ops/typedfile.go:49.2,52.8 1 1191
github.com/thediveo/lxkns/ops/typedfile.go:62.137,63.16 1 583
github.com/thediveo/lxkns/ops/typedfile.go:63.16,64.15 1 19
github.com/thediveo/lxkns/ops/typedfile.go:64.15,66.4 1 19
github.com/thediveo/lxkns/ops/typedfile.go:67.3,67.49 1 0
github.com/thediveo/lxkns/ops/typedfile.go:69.2,69.48 1 564
github.com/thediveo/lxkns/ops/typedfile.go:69.48,74.3 1 564
github.com/thediveo/lxkns/ops/typedfile.go:75.2,77.47 1 0
github.com/thediveo/lxkns/ops/typedfile.go:85.69,87.2 1 0
github.com/thediveo/lxkns/ops/typedfile.go:94.60,99.2 2 26
github.com/thediveo/lxkns/ops/typedfile.go:106.91,107.21 1 0
github.com/thediveo/lxkns/ops/typedfile.go:107.22,107.23 0 0
github.com/thediveo/lxkns/ops/typedfile.go:121.63,122.31 1 0
github.com/thediveo/lxkns/ops/typedfile.go:122.32,122.33 0 0
github.com/thediveo/lxkns/ops/typedpath.go:42.91,44.2 1 0
github.com/thediveo/lxkns/ops/typedpath.go:50.47,53.2 1 0
github.com/thediveo/lxkns/ops/typedpath.go:60.69,62.2 1 0
github.com/thediveo/lxkns/ops/typedpath.go:69.60,71.16 2 0
github.com/thediveo/lxkns/ops/typedpath.go:71.16,73.3 1 0
github.com/thediveo/lxkns/ops/typedpath.go:74.2,81.82 3 0
github.com/thediveo/lxkns/ops/typedpath.go:88.91,90.16 2 0
github.com/thediveo/lxkns/ops/typedpath.go:90.16,92.3 1 0
github.com/thediveo/lxkns/ops/typedpath.go:93.2,94.16 2 0
github.com/thediveo/lxkns/ops/typedpath.go:94.16,96.3 1 0
github.com/thediveo/lxkns/ops/typedpath.go:97.2,97.25 1 0
github.com/thediveo/lxkns/ops/typedpath.go:97.25,97.44 1 0
github.com/thediveo/lxkns/pidmap.go:43.49,45.26 2 0
github.com/thediveo/lxkns/pidmap.go:45.26,47.3 1 0
github.com/thediveo/lxkns/pidmap.go:48.2,48.13 1 0
github.com/thediveo/lxkns/pidmap.go:62.104,63.74 1 2
github.com/thediveo/lxkns/pidmap.go:63.74,64.48 1 1
github.com/thediveo/lxkns/pidmap.go:64.48,65.33 1 2
github.com/thediveo/lxkns/pidmap.go:65.33,67.5 1 1
github.com/thediveo/lxkns/pidmap.go:70.2,70.10 1 1
github.com/thediveo/lxkns/pidmap.go:78.90,79.74 1 0
github.com/thediveo/lxkns/pidmap.go:79.74,82.39 3 0
github.com/thediveo/lxkns/pidmap.go:82.39,84.4 1 0
github.com/thediveo/lxkns/pidmap.go:85.3,85.16 1 0
github.com/thediveo/lxkns/pidmap.go:87.2,87.12 1 0
github.com/thediveo/lxkns/pidmap.go:92.46,96.37 2 2
github.com/thediveo/lxkns/pidmap.go:96.37,106.19 4 38
github.com/thediveo/lxkns/pidmap.go:106.19,107.12 1 0
github.com/thediveo/lxkns/pidmap.go:109.3,111.20 3 38
github.com/thediveo/lxkns/pidmap.go:111.20,118.4 3 39
github.com/thediveo/lxkns/pidmap.go:119.3,119.21 1 38
github.com/thediveo/lxkns/pidmap.go:119.21,121.12 1 0
github.com/thediveo/lxkns/pidmap.go:126.3,126.48 1 38
github.com/thediveo/lxkns/pidmap.go:126.48,128.4 1 39
github.com/thediveo/lxkns/pidmap.go:130.2,130.11 1 2
github.com/thediveo/lxkns/pidmap.go:140.56,142.16 2 39
github.com/thediveo/lxkns/pidmap.go:142.16,144.3 1 1
github.com/thediveo/lxkns/pidmap.go:145.2,149.21 3 38
github.com/thediveo/lxkns/pidmap.go:149.21,151.42 2 532
github.com/thediveo/lxkns/pidmap.go:151.42,154.38 3 38
github.com/thediveo/lxkns/pidmap.go:154.38,156.19 2 39
github.com/thediveo/lxkns/pidmap.go:156.19,158.6 1 0
github.com/thediveo/lxkns/pidmap.go:159.5,159.35 1 39
github.com/thediveo/lxkns/pidmap.go:161.4,161.10 1 38
github.com/thediveo/lxkns/pidmap.go:164.2,164.63 1 0
github.com/thediveo/lxkns/reexec.go:28.104,30.2 1 6
github.com/thediveo/lxkns/reexec.go:37.125,39.30 2 6
github.com/thediveo/lxkns/reexec.go:39.30,42.3 2 7
github.com/thediveo/lxkns/reexec.go:43.2,43.65 1 6
github.com/thediveo/lxkns/species/id.go:60.41,61.20 1 0
github.com/thediveo/lxkns/species/id.go:61.20,64.3 1 0
github.com/thediveo/lxkns/species/id.go:65.2,65.17 1 0
github.com/thediveo/lxkns/species/id.go:79.61,83.58 2 1256
github.com/thediveo/lxkns/species/id.go:83.58,85.3 1 399
github.com/thediveo/lxkns/species/id.go:87.2,88.9 2 857
github.com/thediveo/lxkns/species/id.go:88.9,90.3 1 844
github.com/thediveo/lxkns/species/id.go:91.2,92.16 2 13
github.com/thediveo/lxkns/species/id.go:92.16,96.3 1 0
github.com/thediveo/lxkns/species/id.go:99.2,99.32 1 13
github.com/thediveo/lxkns/species/id.go:99.32,101.3 1 13
github.com/thediveo/lxkns/species/id.go:102.2,102.18 1 0
github.com/thediveo/lxkns/species/id.go:112.51,113.44 1 7
github.com/thediveo/lxkns/species/id.go:113.44,115.3 1 7
github.com/thediveo/lxkns/species/id.go:116.2,116.15 1 0
github.com/thediveo/lxkns/species/id.go:129.23,130.27 1 27
github.com/thediveo/lxkns/species/id.go:130.27,132.63 2 7
github.com/thediveo/lxkns/species/id.go:132.63,134.4 1 0
github.com/thediveo/lxkns/species/id.go:134.9,136.4 1 7
github.com/thediveo/lxkns/species/id.go:138.2,138.16 1 27
github.com/thediveo/lxkns/species/species.go:60.43,63.2 2 81
github.com/thediveo/lxkns/species/species.go:67.45,68.16 1 0
github.com/thediveo/lxkns/species/species.go:69.12,70.16 1 0
github.com/thediveo/lxkns/species/species.go:71.19,72.23 1 0
github.com/thediveo/lxkns/species/species.go:73.23,74.27 1 0
github.com/thediveo/lxkns/species/species.go:75.20,76.24 1 0
github.com/thediveo/lxkns/species/species.go:77.20,78.24 1 0
github.com/thediveo/lxkns/species/species.go:79.21,80.25 1 0
github.com/thediveo/lxkns/species/species.go:81.20,82.24 1 0
github.com/thediveo/lxkns/species/species.go:83.20,84.24 1 0
github.com/thediveo/lxkns/species/species.go:85.21,86.25 1 0
github.com/thediveo/lxkns/species/species.go:87.10,88.71 1 0
github.com/thediveo/lxkns/species/species.go:108.44,111.2 2 19
github.com/thediveo/lxkns/species/species.go:117.13,118.39 1 7
github.com/thediveo/lxkns/species/species.go:118.39,120.3 1 56
github.com/thediveo/lxkns/api/types/processes.go:50.62,52.9 2 272
github.com/thediveo/lxkns/api/types/processes.go:59.2,59.13 1 272
github.com/thediveo/lxkns/api/types/processes.go:52.9,58.3 2 230
github.com/thediveo/lxkns/api/types/processes.go:64.54,73.38 4 5
github.com/thediveo/lxkns/api/types/processes.go:88.2,89.23 2 5
github.com/thediveo/lxkns/api/types/processes.go:73.38,74.12 1 240
github.com/thediveo/lxkns/api/types/processes.go:79.3,83.17 5 240
github.com/thediveo/lxkns/api/types/processes.go:86.3,86.20 1 240
github.com/thediveo/lxkns/api/types/processes.go:74.12,76.4 1 5
github.com/thediveo/lxkns/api/types/processes.go:76.9,78.4 1 235
github.com/thediveo/lxkns/api/types/processes.go:83.17,85.4 1 0
github.com/thediveo/lxkns/api/types/processes.go:95.57,105.51 2 6
github.com/thediveo/lxkns/api/types/processes.go:108.2,108.27 1 5
github.com/thediveo/lxkns/api/types/processes.go:111.2,111.30 1 5
github.com/thediveo/lxkns/api/types/processes.go:120.2,120.38 1 4
github.com/thediveo/lxkns/api/types/processes.go:126.2,126.12 1 4
github.com/thediveo/lxkns/api/types/processes.go:105.51,107.3 1 1
github.com/thediveo/lxkns/api/types/processes.go:108.27,110.3 1 2
github.com/thediveo/lxkns/api/types/processes.go:111.30,113.80 2 222
github.com/thediveo/lxkns/api/types/processes.go:116.3,116.26 1 221
github.com/thediveo/lxkns/api/types/processes.go:113.80,115.4 1 1
github.com/thediveo/lxkns/api/types/processes.go:120.38,121.49 1 221
github.com/thediveo/lxkns/api/types/processes.go:121.49,124.4 2 214
github.com/thediveo/lxkns/api/types/processes.go:143.49,155.2 1 242
github.com/thediveo/lxkns/api/types/processes.go:161.52,162.55 1 1
github.com/thediveo/lxkns/api/types/processes.go:168.75,179.51 2 227
github.com/thediveo/lxkns/api/types/processes.go:182.2,182.103 1 226
github.com/thediveo/lxkns/api/types/processes.go:185.2,185.12 1 222
github.com/thediveo/lxkns/api/types/processes.go:179.51,181.3 1 1
github.com/thediveo/lxkns/api/types/processes.go:182.103,184.3 1 4
github.com/thediveo/lxkns/api/types/processes.go:200.65,209.27 4 243
github.com/thediveo/lxkns/api/types/processes.go:228.2,229.23 2 243
github.com/thediveo/lxkns/api/types/processes.go:209.27,211.16 1 1944
github.com/thediveo/lxkns/api/types/processes.go:214.3,214.12 1 315
github.com/thediveo/lxkns/api/types/processes.go:219.3,223.17 5 315
github.com/thediveo/lxkns/api/types/processes.go:226.3,226.18 1 315
github.com/thediveo/lxkns/api/types/processes.go:211.16,212.12 1 1629
github.com/thediveo/lxkns/api/types/processes.go:214.12,216.4 1 45
github.com/thediveo/lxkns/api/types/processes.go:216.9,218.4 1 270
github.com/thediveo/lxkns/api/types/processes.go:223.17,225.4 1 0
github.com/thediveo/lxkns/api/types/processes.go:237.67,238.55 1 1
github.com/thediveo/lxkns/api/types/processes.go:244.91,248.53 2 230
github.com/thediveo/lxkns/api/types/processes.go:254.2,254.36 1 227
github.com/thediveo/lxkns/api/types/processes.go:263.2,263.12 1 224
github.com/thediveo/lxkns/api/types/processes.go:248.53,250.3 1 3
github.com/thediveo/lxkns/api/types/processes.go:254.36,256.18 2 179
github.com/thediveo/lxkns/api/types/processes.go:259.3,261.41 3 176
github.com/thediveo/lxkns/api/types/processes.go:256.18,258.4 1 3
github.com/thediveo/lxkns/internal/namespaces/user.go:33.37,33.60 1 27
github.com/thediveo/lxkns/internal/namespaces/user.go:38.57,38.79 1 0
github.com/thediveo/lxkns/internal/namespaces/user.go:42.43,45.16 3 0
github.com/thediveo/lxkns/internal/namespaces/user.go:48.2,50.42 3 0
github.com/thediveo/lxkns/internal/namespaces/user.go:55.2,55.17 1 0
github.com/thediveo/lxkns/internal/namespaces/user.go:58.2,60.19 3 0
github.com/thediveo/lxkns/internal/namespaces/user.go:63.2,68.10 1 0
github.com/thediveo/lxkns/internal/namespaces/user.go:45.16,47.3 1 0
github.com/thediveo/lxkns/internal/namespaces/user.go:50.42,51.37 1 0
github.com/thediveo/lxkns/internal/namespaces/user.go:51.37,53.4 1 0
github.com/thediveo/lxkns/internal/namespaces/user.go:55.17,57.3 1 0
github.com/thediveo/lxkns/internal/namespaces/user.go:60.19,62.3 1 0
github.com/thediveo/lxkns/internal/namespaces/user.go:73.63,75.2 1 4
github.com/thediveo/lxkns/internal/namespaces/user.go:79.48,81.2 1 8
github.com/thediveo/lxkns/internal/namespaces/user.go:89.70,91.2 1 0
github.com/thediveo/lxkns/internal/namespaces/user.go:102.59,105.2 2 8
github.com/thediveo/lxkns/discovery_fd.go:40.86,41.28 1 1
github.com/thediveo/lxkns/discovery_fd.go:44.2,44.34 1 0
github.com/thediveo/lxkns/discovery_fd.go:41.28,43.3 1 1
github.com/thediveo/lxkns/discovery_fd.go:49.95,53.36 1 0
github.com/thediveo/lxkns/discovery_fd.go:53.36,56.17 3 0
github.com/thediveo/lxkns/discovery_fd.go:59.3,59.37 1 0
github.com/thediveo/lxkns/discovery_fd.go:56.17,57.12 1 0
github.com/thediveo/lxkns/discovery_fd.go:59.37,63.42 1 0
github.com/thediveo/lxkns/discovery_fd.go:72.4,74.18 3 0
github.com/thediveo/lxkns/discovery_fd.go:80.4,81.30 2 0
github.com/thediveo/lxkns/discovery_fd.go:87.4,88.49 2 0
github.com/thediveo/lxkns/discovery_fd.go:96.4,102.55 3 0
github.com/thediveo/lxkns/discovery_fd.go:105.4,106.47 1 0
github.com/thediveo/lxkns/discovery_fd.go:63.42,64.13 1 0
github.com/thediveo/lxkns/discovery_fd.go:74.18,75.13 1 0
github.com/thediveo/lxkns/discovery_fd.go:81.30,82.13 1 0
github.com/thediveo/lxkns/discovery_fd.go:88.49,89.20 1 0
github.com/thediveo/lxkns/discovery_fd.go:92.5,92.51 1 0
github.com/thediveo/lxkns/discovery_fd.go:89.20,90.14 1 0
github.com/thediveo/lxkns/discovery_fd.go:92.51,93.14 1 0
github.com/thediveo/lxkns/discovery_fd.go:102.55,103.13 1 0
github.com/thediveo/lxkns/nstest/gmodel/be_same_processtable.go:29.76,31.2 1 2
github.com/thediveo/lxkns/nstest/gmodel/be_same_processtable.go:40.83,41.46 1 2
github.com/thediveo/lxkns/nstest/gmodel/be_same_processtable.go:46.2,48.45 3 2
github.com/thediveo/lxkns/nstest/gmodel/be_same_processtable.go:51.2,51.36 1 2
github.com/thediveo/lxkns/nstest/gmodel/be_same_processtable.go:55.2,55.36 1 2
github.com/thediveo/lxkns/nstest/gmodel/be_same_processtable.go:59.2,61.30 3 2
github.com/thediveo/lxkns/nstest/gmodel/be_same_processtable.go:64.2,64.34 1 2
github.com/thediveo/lxkns/nstest/gmodel/be_same_processtable.go:70.2,70.18 1 2
github.com/thediveo/lxkns/nstest/gmodel/be_same_processtable.go:41.46,44.3 1 0
github.com/thediveo/lxkns/nstest/gmodel/be_same_processtable.go:48.45,50.3 1 0
github.com/thediveo/lxkns/nstest/gmodel/be_same_processtable.go:51.36,54.3 1 0
github.com/thediveo/lxkns/nstest/gmodel/be_same_processtable.go:55.36,58.3 1 0
github.com/thediveo/lxkns/nstest/gmodel/be_same_processtable.go:61.30,63.3 1 0
github.com/thediveo/lxkns/nstest/gmodel/be_same_processtable.go:64.34,66.47 2 217
github.com/thediveo/lxkns/nstest/gmodel/be_same_processtable.go:66.47,68.4 1 0
github.com/thediveo/lxkns/nstest/gmodel/be_same_processtable.go:73.85,77.2 1 0
github.com/thediveo/lxkns/nstest/gmodel/be_same_processtable.go:79.92,83.2 1 0
github.com/thediveo/lxkns/api/types/discovery.go:31.59,40.36 2 4
github.com/thediveo/lxkns/api/types/discovery.go:45.2,45.26 1 4
github.com/thediveo/lxkns/api/types/discovery.go:40.36,41.57 1 256
github.com/thediveo/lxkns/api/types/discovery.go:41.57,43.4 1 32
github.com/thediveo/lxkns/api/types/discovery.go:48.63,55.51 2 3
github.com/thediveo/lxkns/api/types/discovery.go:58.2,58.48 1 3
github.com/thediveo/lxkns/api/types/discovery.go:65.2,65.12 1 2
github.com/thediveo/lxkns/api/types/discovery.go:55.51,57.3 1 0
github.com/thediveo/lxkns/api/types/discovery.go:58.48,60.18 2 17
github.com/thediveo/lxkns/api/types/discovery.go:63.3,63.31 1 16
github.com/thediveo/lxkns/api/types/discovery.go:60.18,62.4 1 1
github.com/thediveo/lxkns/api/types/discovery.go:74.82,75.28 1 3
github.com/thediveo/lxkns/api/types/discovery.go:81.2,81.44 1 2
github.com/thediveo/lxkns/api/types/discovery.go:75.28,80.3 1 1
github.com/thediveo/lxkns/api/types/discovery.go:85.57,104.2 4 2
github.com/thediveo/lxkns/api/types/discovery.go:108.60,127.2 4 1
github.com/thediveo/lxkns/api/types/namespaces.go:41.81,43.29 2 16
github.com/thediveo/lxkns/api/types/namespaces.go:54.2,55.10 2 16
github.com/thediveo/lxkns/api/types/namespaces.go:43.29,48.3 1 15
github.com/thediveo/lxkns/api/types/namespaces.go:48.8,53.3 1 1
github.com/thediveo/lxkns/api/types/namespaces.go:64.101,67.9 3 218
github.com/thediveo/lxkns/api/types/namespaces.go:71.2,71.11 1 218
github.com/thediveo/lxkns/api/types/namespaces.go:67.9,70.3 2 53
github.com/thediveo/lxkns/api/types/namespaces.go:76.56,80.44 4 5
github.com/thediveo/lxkns/api/types/namespaces.go:97.2,98.23 2 5
github.com/thediveo/lxkns/api/types/namespaces.go:80.44,81.32 1 40
github.com/thediveo/lxkns/api/types/namespaces.go:81.32,82.13 1 29
github.com/thediveo/lxkns/api/types/namespaces.go:87.4,91.18 5 29
github.com/thediveo/lxkns/api/types/namespaces.go:94.4,94.19 1 29
github.com/thediveo/lxkns/api/types/namespaces.go:82.13,84.5 1 5
github.com/thediveo/lxkns/api/types/namespaces.go:84.10,86.5 1 24
github.com/thediveo/lxkns/api/types/namespaces.go:91.18,93.5 1 0
github.com/thediveo/lxkns/api/types/namespaces.go:103.59,105.51 2 5
github.com/thediveo/lxkns/api/types/namespaces.go:108.2,108.28 1 4
github.com/thediveo/lxkns/api/types/namespaces.go:113.2,113.12 1 3
github.com/thediveo/lxkns/api/types/namespaces.go:105.51,107.3 1 1
github.com/thediveo/lxkns/api/types/namespaces.go:108.28,109.56 1 20
github.com/thediveo/lxkns/api/types/namespaces.go:109.56,111.4 1 1
github.com/thediveo/lxkns/api/types/namespaces.go:142.78,155.39 2 35
github.com/thediveo/lxkns/api/types/namespaces.go:159.2,159.41 1 35
github.com/thediveo/lxkns/api/types/namespaces.go:168.2,169.9 2 35
github.com/thediveo/lxkns/api/types/namespaces.go:175.2,181.4 1 15
github.com/thediveo/lxkns/api/types/namespaces.go:155.39,157.3 1 20
github.com/thediveo/lxkns/api/types/namespaces.go:159.41,160.44 1 18
github.com/thediveo/lxkns/api/types/namespaces.go:163.3,164.34 2 18
github.com/thediveo/lxkns/api/types/namespaces.go:160.44,162.4 1 11
github.com/thediveo/lxkns/api/types/namespaces.go:164.34,166.4 1 8
github.com/thediveo/lxkns/api/types/namespaces.go:169.9,171.3 1 20
github.com/thediveo/lxkns/api/types/namespaces.go:190.82,194.51 2 25
github.com/thediveo/lxkns/api/types/namespaces.go:197.2,198.17 2 24
github.com/thediveo/lxkns/api/types/namespaces.go:201.2,202.28 2 22
github.com/thediveo/lxkns/api/types/namespaces.go:208.2,212.27 4 21
github.com/thediveo/lxkns/api/types/namespaces.go:218.2,218.20 1 21
github.com/thediveo/lxkns/api/types/namespaces.go:230.2,230.60 1 21
github.com/thediveo/lxkns/api/types/namespaces.go:236.2,236.51 1 21
github.com/thediveo/lxkns/api/types/namespaces.go:240.2,240.16 1 21
github.com/thediveo/lxkns/api/types/namespaces.go:194.51,196.3 1 1
github.com/thediveo/lxkns/api/types/namespaces.go:198.17,200.3 1 2
github.com/thediveo/lxkns/api/types/namespaces.go:202.28,204.3 1 1
github.com/thediveo/lxkns/api/types/namespaces.go:212.27,213.35 1 19
github.com/thediveo/lxkns/api/types/namespaces.go:213.35,215.4 1 49
github.com/thediveo/lxkns/api/types/namespaces.go:218.20,228.3 4 13
github.com/thediveo/lxkns/api/types/namespaces.go:230.60,233.3 2 6
github.com/thediveo/lxkns/api/types/namespaces.go:236.51,238.3 1 8
github.com/thediveo/lxkns/pidmap.go:43.49,45.26 2 0
github.com/thediveo/lxkns/pidmap.go:48.2,48.13 1 0
github.com/thediveo/lxkns/pidmap.go:45.26,47.3 1 0
github.com/thediveo/lxkns/pidmap.go:62.104,63.74 1 0
github.com/thediveo/lxkns/pidmap.go:70.2,70.10 1 0
github.com/thediveo/lxkns/pidmap.go:63.74,64.48 1 0
github.com/thediveo/lxkns/pidmap.go:64.48,65.33 1 0
github.com/thediveo/lxkns/pidmap.go:65.33,67.5 1 0
github.com/thediveo/lxkns/pidmap.go:78.90,79.74 1 0
github.com/thediveo/lxkns/pidmap.go:87.2,87.12 1 0
github.com/thediveo/lxkns/pidmap.go:79.74,82.39 3 0
github.com/thediveo/lxkns/pidmap.go:85.3,85.16 1 0
github.com/thediveo/lxkns/pidmap.go:82.39,84.4 1 0
github.com/thediveo/lxkns/pidmap.go:92.46,96.37 2 0
github.com/thediveo/lxkns/pidmap.go:130.2,130.11 1 0
github.com/thediveo/lxkns/pidmap.go:96.37,106.19 4 0
github.com/thediveo/lxkns/pidmap.go:109.3,111.20 3 0
github.com/thediveo/lxkns/pidmap.go:119.3,119.21 1 0
github.com/thediveo/lxkns/pidmap.go:126.3,126.48 1 0
github.com/thediveo/lxkns/pidmap.go:106.19,107.12 1 0
github.com/thediveo/lxkns/pidmap.go:111.20,118.4 3 0
github.com/thediveo/lxkns/pidmap.go:119.21,121.12 1 0
github.com/thediveo/lxkns/pidmap.go:126.48,128.4 1 0
github.com/thediveo/lxkns/pidmap.go:140.56,142.16 2 0
github.com/thediveo/lxkns/pidmap.go:145.2,149.21 3 0
github.com/thediveo/lxkns/pidmap.go:164.2,164.63 1 0
github.com/thediveo/lxkns/pidmap.go:142.16,144.3 1 0
github.com/thediveo/lxkns/pidmap.go:149.21,151.42 2 0
github.com/thediveo/lxkns/pidmap.go:151.42,154.38 3 0
github.com/thediveo/lxkns/pidmap.go:161.4,161.10 1 0
github.com/thediveo/lxkns/pidmap.go:154.38,156.19 2 0
github.com/thediveo/lxkns/pidmap.go:159.5,159.35 1 0
github.com/thediveo/lxkns/pidmap.go:156.19,158.6 1 0
github.com/thediveo/lxkns/ops/typedpath.go:42.91,44.2 1 0
github.com/thediveo/lxkns/ops/typedpath.go:50.47,53.2 1 0
github.com/thediveo/lxkns/ops/typedpath.go:60.69,62.2 1 0
github.com/thediveo/lxkns/ops/typedpath.go:69.60,71.16 2 0
github.com/thediveo/lxkns/ops/typedpath.go:74.2,81.82 3 0
github.com/thediveo/lxkns/ops/typedpath.go:71.16,73.3 1 0
github.com/thediveo/lxkns/ops/typedpath.go:88.91,90.16 2 0
github.com/thediveo/lxkns/ops/typedpath.go:93.2,94.16 2 0
github.com/thediveo/lxkns/ops/typedpath.go:97.2,97.25 1 0
github.com/thediveo/lxkns/ops/typedpath.go:90.16,92.3 1 0
github.com/thediveo/lxkns/ops/typedpath.go:94.16,96.3 1 0
github.com/thediveo/lxkns/ops/typedpath.go:97.25,97.44 1 0
github.com/thediveo/lxkns/nstest/gmodel/be_same_process.go:33.69,35.2 1 1
github.com/thediveo/lxkns/nstest/gmodel/be_same_process.go:44.73,46.2 1 0
github.com/thediveo/lxkns/nstest/gmodel/be_same_process.go:56.78,57.46 1 1
github.com/thediveo/lxkns/nstest/gmodel/be_same_process.go:62.2,64.45 3 1
github.com/thediveo/lxkns/nstest/gmodel/be_same_process.go:67.2,67.31 1 1
github.com/thediveo/lxkns/nstest/gmodel/be_same_process.go:71.2,71.31 1 1
github.com/thediveo/lxkns/nstest/gmodel/be_same_process.go:75.2,77.76 3 1
github.com/thediveo/lxkns/nstest/gmodel/be_same_process.go:83.2,84.51 1 0
github.com/thediveo/lxkns/nstest/gmodel/be_same_process.go:89.2,89.44 1 0
github.com/thediveo/lxkns/nstest/gmodel/be_same_process.go:101.2,101.75 1 0
github.com/thediveo/lxkns/nstest/gmodel/be_same_process.go:57.46,60.3 1 0
github.com/thediveo/lxkns/nstest/gmodel/be_same_process.go:64.45,66.3 1 0
github.com/thediveo/lxkns/nstest/gmodel/be_same_process.go:67.31,70.3 1 0
github.com/thediveo/lxkns/nstest/gmodel/be_same_process.go:71.31,74.3 1 0
github.com/thediveo/lxkns/nstest/gmodel/be_same_process.go:77.76,79.3 1 1
github.com/thediveo/lxkns/nstest/gmodel/be_same_process.go:84.51,86.3 1 0
github.com/thediveo/lxkns/nstest/gmodel/be_same_process.go:89.44,91.45 2 0
github.com/thediveo/lxkns/nstest/gmodel/be_same_process.go:96.3,96.13 1 0
github.com/thediveo/lxkns/nstest/gmodel/be_same_process.go:91.45,92.57 1 0
github.com/thediveo/lxkns/nstest/gmodel/be_same_process.go:92.57,93.10 1 0
github.com/thediveo/lxkns/nstest/gmodel/be_same_process.go:96.13,98.4 1 0
github.com/thediveo/lxkns/nstest/gmodel/be_same_process.go:104.80,108.2 1 0
github.com/thediveo/lxkns/nstest/gmodel/be_same_process.go:110.87,114.2 1 0
github.com/thediveo/lxkns/nstest/gmodel/be_same_process.go:118.55,119.34 1 218
github.com/thediveo/lxkns/nstest/gmodel/be_same_process.go:123.2,130.16 2 218
github.com/thediveo/lxkns/nstest/gmodel/be_same_process.go:133.2,133.16 1 218
github.com/thediveo/lxkns/nstest/gmodel/be_same_process.go:119.34,121.3 1 0
github.com/thediveo/lxkns/nstest/gmodel/be_same_process.go:130.16,131.13 1 0
github.com/thediveo/lxkns/internal/namespaces/plain.go:38.53,38.72 1 492
github.com/thediveo/lxkns/internal/namespaces/plain.go:42.57,42.78 1 99
github.com/thediveo/lxkns/internal/namespaces/plain.go:47.52,47.72 1 58
github.com/thediveo/lxkns/internal/namespaces/plain.go:58.41,58.59 1 68
github.com/thediveo/lxkns/internal/namespaces/plain.go:63.55,63.77 1 8
github.com/thediveo/lxkns/internal/namespaces/plain.go:70.59,73.35 1 0
github.com/thediveo/lxkns/internal/namespaces/plain.go:90.2,90.8 1 0
github.com/thediveo/lxkns/internal/namespaces/plain.go:73.35,74.15 1 0
github.com/thediveo/lxkns/internal/namespaces/plain.go:74.15,76.4 1 0
github.com/thediveo/lxkns/internal/namespaces/plain.go:76.9,76.42 1 0
github.com/thediveo/lxkns/internal/namespaces/plain.go:76.42,78.4 1 0
github.com/thediveo/lxkns/internal/namespaces/plain.go:78.9,78.63 1 0
github.com/thediveo/lxkns/internal/namespaces/plain.go:78.63,88.4 1 0
github.com/thediveo/lxkns/internal/namespaces/plain.go:96.57,98.39 2 63
github.com/thediveo/lxkns/internal/namespaces/plain.go:101.2,101.13 1 63
github.com/thediveo/lxkns/internal/namespaces/plain.go:98.39,100.3 1 141
github.com/thediveo/lxkns/internal/namespaces/plain.go:106.44,108.22 2 0
github.com/thediveo/lxkns/internal/namespaces/plain.go:115.2,115.38 1 0
github.com/thediveo/lxkns/internal/namespaces/plain.go:118.2,118.10 1 0
github.com/thediveo/lxkns/internal/namespaces/plain.go:108.22,112.3 1 0
github.com/thediveo/lxkns/internal/namespaces/plain.go:112.8,114.3 1 0
github.com/thediveo/lxkns/internal/namespaces/plain.go:115.38,117.3 1 0
github.com/thediveo/lxkns/internal/namespaces/plain.go:123.50,125.2 1 0
github.com/thediveo/lxkns/internal/namespaces/plain.go:128.50,129.27 1 0
github.com/thediveo/lxkns/internal/namespaces/plain.go:132.2,133.37 2 0
github.com/thediveo/lxkns/internal/namespaces/plain.go:136.2,136.65 1 0
github.com/thediveo/lxkns/internal/namespaces/plain.go:129.27,131.3 1 0
github.com/thediveo/lxkns/internal/namespaces/plain.go:133.37,135.3 1 0
github.com/thediveo/lxkns/internal/namespaces/plain.go:142.59,143.37 1 182
github.com/thediveo/lxkns/internal/namespaces/plain.go:148.2,148.41 1 71
github.com/thediveo/lxkns/internal/namespaces/plain.go:143.37,144.21 1 211
github.com/thediveo/lxkns/internal/namespaces/plain.go:144.21,146.4 1 111
github.com/thediveo/lxkns/internal/namespaces/plain.go:152.47,154.2 1 29
github.com/thediveo/lxkns/internal/namespaces/plain.go:159.56,160.16 1 114
github.com/thediveo/lxkns/internal/namespaces/plain.go:165.2,166.16 2 114
github.com/thediveo/lxkns/internal/namespaces/plain.go:172.2,173.29 2 114
github.com/thediveo/lxkns/internal/namespaces/plain.go:160.16,162.3 1 0
github.com/thediveo/lxkns/internal/namespaces/plain.go:166.16,168.3 1 0
github.com/thediveo/lxkns/internal/namespaces/plain.go:177.67,179.2 1 13
github.com/thediveo/lxkns/internal/namespaces/plain.go:183.71,185.2 1 16
github.com/thediveo/lxkns/internal/namespaces/plain.go:194.98,200.37 1 19
github.com/thediveo/lxkns/internal/namespaces/plain.go:200.37,202.18 2 19
github.com/thediveo/lxkns/internal/namespaces/plain.go:205.3,211.69 3 19
github.com/thediveo/lxkns/internal/namespaces/plain.go:202.18,204.4 1 0
github.com/thediveo/lxkns/model/process.go:61.48,62.24 1 0
github.com/thediveo/lxkns/model/process.go:71.2,71.20 1 0
github.com/thediveo/lxkns/model/process.go:76.2,76.20 1 0
github.com/thediveo/lxkns/model/process.go:79.2,79.8 1 0
github.com/thediveo/lxkns/model/process.go:62.24,63.60 1 0
github.com/thediveo/lxkns/model/process.go:63.60,65.4 1 0
github.com/thediveo/lxkns/model/process.go:65.9,67.4 1 0
github.com/thediveo/lxkns/model/process.go:71.20,73.3 1 0
github.com/thediveo/lxkns/model/process.go:76.20,78.3 1 0
github.com/thediveo/lxkns/model/process.go:85.46,87.2 1 0
github.com/thediveo/lxkns/model/process.go:91.63,94.16 3 396
github.com/thediveo/lxkns/model/process.go:97.2,98.17 2 396
github.com/thediveo/lxkns/model/process.go:104.2,105.16 2 396
github.com/thediveo/lxkns/model/process.go:112.2,112.13 1 396
github.com/thediveo/lxkns/model/process.go:94.16,96.3 1 0
github.com/thediveo/lxkns/model/process.go:98.17,100.3 1 0
github.com/thediveo/lxkns/model/process.go:105.16,108.35 3 396
github.com/thediveo/lxkns/model/process.go:108.35,110.4 1 638
github.com/thediveo/lxkns/model/process.go:118.62,125.22 3 396
github.com/thediveo/lxkns/model/process.go:128.2,129.27 2 396
github.com/thediveo/lxkns/model/process.go:132.2,140.19 4 396
github.com/thediveo/lxkns/model/process.go:143.2,144.17 2 396
github.com/thediveo/lxkns/model/process.go:147.2,154.32 2 396
github.com/thediveo/lxkns/model/process.go:157.2,158.24 2 396
github.com/thediveo/lxkns/model/process.go:164.2,165.28 2 396
github.com/thediveo/lxkns/model/process.go:168.2,172.26 3 396
github.com/thediveo/lxkns/model/process.go:175.2,176.8 2 396
github.com/thediveo/lxkns/model/process.go:125.22,127.3 1 0
github.com/thediveo/lxkns/model/process.go:129.27,131.3 1 0
github.com/thediveo/lxkns/model/process.go:140.19,142.3 1 0
github.com/thediveo/lxkns/model/process.go:144.17,146.3 1 0
github.com/thediveo/lxkns/model/process.go:154.32,156.3 1 0
github.com/thediveo/lxkns/model/process.go:158.24,160.3 1 0
github.com/thediveo/lxkns/model/process.go:165.28,167.3 1 0
github.com/thediveo/lxkns/model/process.go:172.26,174.3 1 0
github.com/thediveo/lxkns/model/process.go:183.32,186.2 2 0
github.com/thediveo/lxkns/model/process.go:189.35,190.14 1 0
github.com/thediveo/lxkns/model/process.go:193.2,193.73 1 0
github.com/thediveo/lxkns/model/process.go:190.14,192.3 1 0
github.com/thediveo/lxkns/model/process.go:199.42,201.2 1 2
github.com/thediveo/lxkns/model/process.go:205.57,207.16 2 2
github.com/thediveo/lxkns/model/process.go:212.2,213.40 2 2
github.com/thediveo/lxkns/model/process.go:231.2,231.26 1 2
github.com/thediveo/lxkns/model/process.go:238.2,240.8 2 2
github.com/thediveo/lxkns/model/process.go:207.16,209.3 1 0
github.com/thediveo/lxkns/model/process.go:213.40,217.29 2 514
github.com/thediveo/lxkns/model/process.go:220.3,221.18 2 396
github.com/thediveo/lxkns/model/process.go:224.3,224.22 1 396
github.com/thediveo/lxkns/model/process.go:217.29,218.12 1 118
github.com/thediveo/lxkns/model/process.go:221.18,222.12 1 0
github.com/thediveo/lxkns/model/process.go:231.26,232.38 1 396
github.com/thediveo/lxkns/model/process.go:232.38,235.4 2 392
github.com/thediveo/lxkns/model/process.go:247.42,247.59 1 0
github.com/thediveo/lxkns/model/process.go:248.42,248.69 1 0
github.com/thediveo/lxkns/model/process.go:249.47,251.2 1 0
github.com/thediveo/lxkns/model/process.go:257.43,258.27 1 2
github.com/thediveo/lxkns/model/process.go:261.2,261.12 1 2
github.com/thediveo/lxkns/model/process.go:258.27,260.3 1 396
github.com/thediveo/lxkns/model/process.go:269.59,271.16 2 396
github.com/thediveo/lxkns/model/process.go:274.2,276.21 3 396
github.com/thediveo/lxkns/model/process.go:304.2,304.11 1 0
github.com/thediveo/lxkns/model/process.go:271.16,273.3 1 0
github.com/thediveo/lxkns/model/process.go:276.21,277.17 1 2376
github.com/thediveo/lxkns/model/process.go:277.17,286.70 1 2376
github.com/thediveo/lxkns/model/process.go:286.70,288.38 2 2376
github.com/thediveo/lxkns/model/process.go:288.38,289.28 1 2772
github.com/thediveo/lxkns/model/process.go:289.28,295.20 2 396
github.com/thediveo/lxkns/model/process.go:298.7,298.16 1 140
github.com/thediveo/lxkns/model/process.go:295.20,297.8 1 256
github.com/thediveo/lxkns/internal/namespaces/hierarchical.go:31.60,31.81 1 47
github.com/thediveo/lxkns/internal/namespaces/hierarchical.go:35.64,35.87 1 30
github.com/thediveo/lxkns/internal/namespaces/hierarchical.go:40.51,43.2 1 0
github.com/thediveo/lxkns/internal/namespaces/hierarchical.go:47.65,50.23 2 0
github.com/thediveo/lxkns/internal/namespaces/hierarchical.go:56.2,56.28 1 0
github.com/thediveo/lxkns/internal/namespaces/hierarchical.go:65.2,65.64 1 0
github.com/thediveo/lxkns/internal/namespaces/hierarchical.go:50.23,52.3 1 0
github.com/thediveo/lxkns/internal/namespaces/hierarchical.go:52.8,54.3 1 0
github.com/thediveo/lxkns/internal/namespaces/hierarchical.go:56.28,58.3 1 0
github.com/thediveo/lxkns/internal/namespaces/hierarchical.go:58.8,60.40 2 0
github.com/thediveo/lxkns/internal/namespaces/hierarchical.go:63.3,63.47 1 0
github.com/thediveo/lxkns/internal/namespaces/hierarchical.go:60.40,62.4 1 0
github.com/thediveo/lxkns/internal/namespaces/hierarchical.go:71.67,74.2 2 0
github.com/thediveo/lxkns/internal/namespaces/hierarchical.go:78.69,79.23 1 8
github.com/thediveo/lxkns/internal/namespaces/hierarchical.go:84.2,84.21 1 8
github.com/thediveo/lxkns/internal/namespaces/hierarchical.go:79.23,82.29 1 0
github.com/thediveo/lxkns/internal/namespaces/hierarchical.go:93.78,95.2 1 3
github.com/thediveo/lxkns/discovery_hierarchy.go:57.89,58.34 1 2
github.com/thediveo/lxkns/discovery_hierarchy.go:61.2,63.32 3 2
github.com/thediveo/lxkns/discovery_hierarchy.go:58.34,60.3 1 0
github.com/thediveo/lxkns/discovery_hierarchy.go:63.32,65.43 2 4
github.com/thediveo/lxkns/discovery_hierarchy.go:74.3,75.17 2 3
github.com/thediveo/lxkns/discovery_hierarchy.go:78.3,81.7 3 3
github.com/thediveo/lxkns/discovery_hierarchy.go:141.3,141.26 1 3
github.com/thediveo/lxkns/discovery_hierarchy.go:65.43,69.12 1 1
github.com/thediveo/lxkns/discovery_hierarchy.go:75.17,76.12 1 0
github.com/thediveo/lxkns/discovery_hierarchy.go:81.7,86.44 1 5
github.com/thediveo/lxkns/discovery_hierarchy.go:92.4,92.39 1 5
github.com/thediveo/lxkns/discovery_hierarchy.go:99.4,100.18 2 5
github.com/thediveo/lxkns/discovery_hierarchy.go:108.4,109.18 2 2
github.com/thediveo/lxkns/discovery_hierarchy.go:117.4,118.11 2 2
github.com/thediveo/lxkns/discovery_hierarchy.go:135.4,138.19 4 2
github.com/thediveo/lxkns/discovery_hierarchy.go:86.44,87.10 1 0
github.com/thediveo/lxkns/discovery_hierarchy.go:92.39,94.5 1 4
github.com/thediveo/lxkns/discovery_hierarchy.go:100.18,106.10 1 3
github.com/thediveo/lxkns/discovery_hierarchy.go:109.18,115.55 1 0
github.com/thediveo/lxkns/discovery_hierarchy.go:118.11,132.5 2 1
github.com/thediveo/lxkns/species/id.go:60.41,61.20 1 0
github.com/thediveo/lxkns/species/id.go:65.2,65.17 1 0
github.com/thediveo/lxkns/species/id.go:61.20,64.3 1 0
github.com/thediveo/lxkns/species/id.go:79.61,83.58 2 0
github.com/thediveo/lxkns/species/id.go:87.2,88.9 2 0
github.com/thediveo/lxkns/species/id.go:91.2,92.16 2 0
github.com/thediveo/lxkns/species/id.go:99.2,99.32 1 0
github.com/thediveo/lxkns/species/id.go:102.2,102.18 1 0
github.com/thediveo/lxkns/species/id.go:83.58,85.3 1 0
github.com/thediveo/lxkns/species/id.go:88.9,90.3 1 0
github.com/thediveo/lxkns/species/id.go:92.16,96.3 1 0
github.com/thediveo/lxkns/species/id.go:99.32,101.3 1 0
github.com/thediveo/lxkns/species/id.go:112.51,113.44 1 220
github.com/thediveo/lxkns/species/id.go:116.2,116.15 1 1
github.com/thediveo/lxkns/species/id.go:113.44,115.3 1 219
github.com/thediveo/lxkns/species/id.go:129.23,130.27 1 221
github.com/thediveo/lxkns/species/id.go:138.2,138.16 1 221
github.com/thediveo/lxkns/species/id.go:130.27,132.63 2 1
github.com/thediveo/lxkns/species/id.go:132.63,134.4 1 0
github.com/thediveo/lxkns/species/id.go:134.9,136.4 1 1
github.com/thediveo/lxkns/model/namespaces.go:93.65,94.40 1 430
github.com/thediveo/lxkns/model/namespaces.go:97.2,97.11 1 0
github.com/thediveo/lxkns/model/namespaces.go:94.40,96.3 1 430
github.com/thediveo/lxkns/model/namespaces.go:200.40,202.69 2 16
github.com/thediveo/lxkns/model/namespaces.go:205.2,205.14 1 16
github.com/thediveo/lxkns/model/namespaces.go:202.69,204.3 1 128
github.com/thediveo/lxkns/nstest/gmodel/be_same_namespace.go:29.66,31.2 1 11
github.com/thediveo/lxkns/nstest/gmodel/be_same_namespace.go:37.80,38.32 1 11
github.com/thediveo/lxkns/nstest/gmodel/be_same_namespace.go:41.2,42.9 2 11
github.com/thediveo/lxkns/nstest/gmodel/be_same_namespace.go:46.2,47.9 2 11
github.com/thediveo/lxkns/nstest/gmodel/be_same_namespace.go:51.2,55.11 2 11
github.com/thediveo/lxkns/nstest/gmodel/be_same_namespace.go:68.2,68.19 1 11
github.com/thediveo/lxkns/nstest/gmodel/be_same_namespace.go:38.32,40.3 1 0
github.com/thediveo/lxkns/nstest/gmodel/be_same_namespace.go:42.9,45.3 1 0
github.com/thediveo/lxkns/nstest/gmodel/be_same_namespace.go:47.9,50.3 1 0
github.com/thediveo/lxkns/nstest/gmodel/be_same_namespace.go:55.11,56.26 1 11
github.com/thediveo/lxkns/nstest/gmodel/be_same_namespace.go:57.52,63.57 2 5
github.com/thediveo/lxkns/nstest/gmodel/be_same_namespace.go:63.57,65.5 1 4
github.com/thediveo/lxkns/nstest/gmodel/be_same_namespace.go:71.82,75.2 1 0
github.com/thediveo/lxkns/nstest/gmodel/be_same_namespace.go:77.89,81.2 1 0
github.com/thediveo/lxkns/nstest/gmodel/be_same_namespace.go:85.44,90.2 1 29
github.com/thediveo/lxkns/nstest/gmodel/be_same_namespace.go:92.69,93.81 1 0
github.com/thediveo/lxkns/nstest/gmodel/be_same_namespace.go:98.2,98.13 1 0
github.com/thediveo/lxkns/nstest/gmodel/be_same_namespace.go:93.81,94.44 1 0
github.com/thediveo/lxkns/nstest/gmodel/be_same_namespace.go:94.44,96.4 1 0
github.com/thediveo/lxkns/nstest/gmodel/be_same_namespace.go:102.47,103.24 1 11
github.com/thediveo/lxkns/nstest/gmodel/be_same_namespace.go:106.2,106.26 1 11
github.com/thediveo/lxkns/nstest/gmodel/be_same_namespace.go:118.2,118.13 1 11
github.com/thediveo/lxkns/nstest/gmodel/be_same_namespace.go:103.24,105.3 1 0
github.com/thediveo/lxkns/nstest/gmodel/be_same_namespace.go:106.26,108.27 2 26
github.com/thediveo/lxkns/nstest/gmodel/be_same_namespace.go:114.3,114.13 1 26
github.com/thediveo/lxkns/nstest/gmodel/be_same_namespace.go:108.27,109.20 1 50
github.com/thediveo/lxkns/nstest/gmodel/be_same_namespace.go:109.20,111.10 2 26
github.com/thediveo/lxkns/nstest/gmodel/be_same_namespace.go:114.13,116.4 1 0
github.com/thediveo/lxkns/nstest/gmodel/be_same_namespace.go:123.50,124.24 1 5
github.com/thediveo/lxkns/nstest/gmodel/be_same_namespace.go:127.2,127.28 1 5
github.com/thediveo/lxkns/nstest/gmodel/be_same_namespace.go:139.2,139.13 1 5
github.com/thediveo/lxkns/nstest/gmodel/be_same_namespace.go:124.24,126.3 1 0
github.com/thediveo/lxkns/nstest/gmodel/be_same_namespace.go:127.28,129.29 2 2
github.com/thediveo/lxkns/nstest/gmodel/be_same_namespace.go:135.3,135.13 1 2
github.com/thediveo/lxkns/nstest/gmodel/be_same_namespace.go:129.29,130.34 1 2
github.com/thediveo/lxkns/nstest/gmodel/be_same_namespace.go:130.34,132.10 2 2
github.com/thediveo/lxkns/nstest/gmodel/be_same_namespace.go:135.13,137.4 1 0
github.com/thediveo/lxkns/ops/owneruid.go:33.52,43.16 3 4
github.com/thediveo/lxkns/ops/owneruid.go:46.2,46.22 1 4
github.com/thediveo/lxkns/ops/owneruid.go:43.16,45.3 1 0
github.com/thediveo/lxkns/ops/typedfile.go:41.99,42.29 1 136
github.com/thediveo/lxkns/ops/typedfile.go:49.2,52.8 1 136
github.com/thediveo/lxkns/ops/typedfile.go:42.29,44.17 2 0
github.com/thediveo/lxkns/ops/typedfile.go:47.3,47.36 1 0
github.com/thediveo/lxkns/ops/typedfile.go:44.17,46.4 1 0
github.com/thediveo/lxkns/ops/typedfile.go:62.137,63.16 1 119
github.com/thediveo/lxkns/ops/typedfile.go:69.2,69.48 1 116
github.com/thediveo/lxkns/ops/typedfile.go:75.2,77.47 1 0
github.com/thediveo/lxkns/ops/typedfile.go:63.16,64.15 1 3
github.com/thediveo/lxkns/ops/typedfile.go:67.3,67.49 1 0
github.com/thediveo/lxkns/ops/typedfile.go:64.15,66.4 1 3
github.com/thediveo/lxkns/ops/typedfile.go:69.48,74.3 1 116
github.com/thediveo/lxkns/ops/typedfile.go:85.69,87.2 1 0
github.com/thediveo/lxkns/ops/typedfile.go:94.60,99.2 2 5
github.com/thediveo/lxkns/ops/typedfile.go:106.91,107.21 1 0
github.com/thediveo/lxkns/ops/typedfile.go:107.22,107.23 0 0
github.com/thediveo/lxkns/ops/typedfile.go:121.63,122.31 1 0
github.com/thediveo/lxkns/ops/typedfile.go:122.32,122.33 0 0
github.com/thediveo/lxkns/ops/errors.go:42.83,43.18 1 0
github.com/thediveo/lxkns/ops/errors.go:46.2,46.67 1 0
github.com/thediveo/lxkns/ops/errors.go:43.18,45.3 1 0
github.com/thediveo/lxkns/ops/errors.go:51.98,56.2 1 3
github.com/thediveo/lxkns/ops/errors.go:59.48,61.17 2 0
github.com/thediveo/lxkns/ops/errors.go:64.2,64.18 1 0
github.com/thediveo/lxkns/ops/errors.go:67.2,67.10 1 0
github.com/thediveo/lxkns/ops/errors.go:61.17,63.3 1 0
github.com/thediveo/lxkns/ops/errors.go:64.18,66.3 1 0
github.com/thediveo/lxkns/ops/errors.go:71.48,71.64 1 0
github.com/thediveo/lxkns/ops/errors.go:74.50,77.18 2 0
github.com/thediveo/lxkns/ops/errors.go:80.2,80.10 1 0
github.com/thediveo/lxkns/ops/errors.go:77.18,79.3 1 0
github.com/thediveo/lxkns/discovery_proc.go:47.88,48.30 1 8
github.com/thediveo/lxkns/discovery_proc.go:51.2,56.42 4 8
github.com/thediveo/lxkns/discovery_proc.go:110.2,110.42 1 8
github.com/thediveo/lxkns/discovery_proc.go:138.2,138.27 1 8
github.com/thediveo/lxkns/discovery_proc.go:48.30,50.3 1 0
github.com/thediveo/lxkns/discovery_proc.go:56.42,69.17 3 331
github.com/thediveo/lxkns/discovery_proc.go:75.3,77.17 3 133
github.com/thediveo/lxkns/discovery_proc.go:81.3,82.10 2 133
github.com/thediveo/lxkns/discovery_proc.go:95.3,102.71 2 133
github.com/thediveo/lxkns/discovery_proc.go:106.3,106.14 1 133
github.com/thediveo/lxkns/discovery_proc.go:69.17,70.12 1 198
github.com/thediveo/lxkns/discovery_proc.go:77.17,79.12 2 0
github.com/thediveo/lxkns/discovery_proc.go:82.10,90.4 2 8
github.com/thediveo/lxkns/discovery_proc.go:102.71,104.4 1 114
github.com/thediveo/lxkns/discovery_proc.go:110.42,115.40 1 331
github.com/thediveo/lxkns/discovery_proc.go:128.3,130.82 3 133
github.com/thediveo/lxkns/discovery_proc.go:134.3,134.72 1 133
github.com/thediveo/lxkns/discovery_proc.go:115.40,119.33 1 198
github.com/thediveo/lxkns/discovery_proc.go:122.4,122.12 1 198
github.com/thediveo/lxkns/discovery_proc.go:119.33,121.5 1 179
github.com/thediveo/lxkns/discovery_proc.go:130.82,133.4 2 466
github.com/thediveo/lxkns/discovery_proc.go:138.27,139.48 1 8
github.com/thediveo/lxkns/discovery_proc.go:139.48,142.4 1 8
github.com/thediveo/lxkns/reexec.go:28.104,30.2 1 0
github.com/thediveo/lxkns/reexec.go:37.125,39.30 2 0
github.com/thediveo/lxkns/reexec.go:43.2,43.65 1 0
github.com/thediveo/lxkns/reexec.go:39.30,42.3 2 0
github.com/thediveo/lxkns/internal/namespaces/new.go:14.94,15.16 1 70
github.com/thediveo/lxkns/internal/namespaces/new.go:16.29,30.33 2 20
github.com/thediveo/lxkns/internal/namespaces/new.go:33.3,33.14 1 20
github.com/thediveo/lxkns/internal/namespaces/new.go:34.28,41.4 1 8
github.com/thediveo/lxkns/internal/namespaces/new.go:42.10,43.63 1 42
github.com/thediveo/lxkns/internal/namespaces/new.go:30.33,32.4 1 160
github.com/thediveo/lxkns/ops/ioctl.go:53.45,55.2 1 123
github.com/thediveo/lxkns/ops/ioctl.go:57.33,59.2 1 123
github.com/thediveo/lxkns/ops/ioctl.go:74.43,77.16 2 119
github.com/thediveo/lxkns/ops/ioctl.go:80.2,80.24 1 116
github.com/thediveo/lxkns/ops/ioctl.go:77.16,79.3 1 3
github.com/thediveo/lxkns/ops/path.go:34.42,36.2 1 0
github.com/thediveo/lxkns/ops/path.go:42.64,47.16 2 0
github.com/thediveo/lxkns/ops/path.go:50.2,52.16 3 0
github.com/thediveo/lxkns/ops/path.go:55.2,55.38 1 0
github.com/thediveo/lxkns/ops/path.go:47.16,49.3 1 0
github.com/thediveo/lxkns/ops/path.go:52.16,54.3 1 0
github.com/thediveo/lxkns/ops/path.go:60.60,63.16 2 0
github.com/thediveo/lxkns/ops/path.go:66.2,67.27 2 0
github.com/thediveo/lxkns/ops/path.go:63.16,65.3 1 0
github.com/thediveo/lxkns/ops/path.go:74.53,77.16 2 0
github.com/thediveo/lxkns/ops/path.go:80.2,88.91 3 0
github.com/thediveo/lxkns/ops/path.go:77.16,79.3 1 0
github.com/thediveo/lxkns/ops/path.go:96.55,98.16 2 0
github.com/thediveo/lxkns/ops/path.go:101.2,106.48 3 0
github.com/thediveo/lxkns/ops/path.go:98.16,100.3 1 0
github.com/thediveo/lxkns/ops/path.go:113.50,115.16 2 0
github.com/thediveo/lxkns/ops/path.go:118.2,119.26 2 0
github.com/thediveo/lxkns/ops/path.go:115.16,117.3 1 0
github.com/thediveo/lxkns/ops/path.go:126.86,128.16 2 0
github.com/thediveo/lxkns/ops/path.go:131.2,132.16 2 0
github.com/thediveo/lxkns/ops/path.go:135.2,135.25 1 0
github.com/thediveo/lxkns/ops/path.go:128.16,130.3 1 0
github.com/thediveo/lxkns/ops/path.go:132.16,134.3 1 0
github.com/thediveo/lxkns/ops/path.go:135.25,135.44 1 0
github.com/thediveo/lxkns/ops/path.go:149.58,152.16 3 0
github.com/thediveo/lxkns/ops/path.go:155.2,155.26 1 0
github.com/thediveo/lxkns/ops/path.go:152.16,154.3 1 0
github.com/thediveo/lxkns/ops/path.go:155.26,155.50 1 0
github.com/thediveo/lxkns/ops/typedfd.go:38.91,39.16 1 0
github.com/thediveo/lxkns/ops/typedfd.go:53.2,53.61 1 0
github.com/thediveo/lxkns/ops/typedfd.go:47.24,51.9 1 0
github.com/thediveo/lxkns/ops/typedfd.go:61.46,63.2 1 0
github.com/thediveo/lxkns/ops/typedfd.go:70.68,72.2 1 0
github.com/thediveo/lxkns/ops/typedfd.go:78.91,79.22 1 0
github.com/thediveo/lxkns/ops/typedfd.go:79.23,79.24 0 0
github.com/thediveo/lxkns/discovery.go:79.65,82.44 3 0
github.com/thediveo/lxkns/discovery.go:85.2,85.18 1 0
github.com/thediveo/lxkns/discovery.go:82.44,84.3 1 0
github.com/thediveo/lxkns/discovery.go:92.70,95.44 3 0
github.com/thediveo/lxkns/discovery.go:98.2,98.18 1 0
github.com/thediveo/lxkns/discovery.go:95.44,97.3 1 0
github.com/thediveo/lxkns/discovery.go:102.67,107.27 3 0
github.com/thediveo/lxkns/discovery.go:111.2,111.41 1 0
github.com/thediveo/lxkns/discovery.go:114.2,114.15 1 0
github.com/thediveo/lxkns/discovery.go:107.27,110.3 2 0
github.com/thediveo/lxkns/discovery.go:111.41,113.3 1 0
github.com/thediveo/lxkns/discovery.go:121.95,123.2 1 0
github.com/thediveo/lxkns/discovery.go:128.65,130.27 2 2
github.com/thediveo/lxkns/discovery.go:141.2,141.15 1 2
github.com/thediveo/lxkns/discovery.go:130.27,132.10 2 4
github.com/thediveo/lxkns/discovery.go:137.3,137.26 1 4
github.com/thediveo/lxkns/discovery.go:132.10,135.50 1 0
github.com/thediveo/lxkns/discovery.go:137.26,139.4 1 2
github.com/thediveo/lxkns/discovery.go:157.13,158.93 1 1
github.com/thediveo/lxkns/discovery.go:158.93,159.56 1 8
github.com/thediveo/lxkns/discovery.go:159.56,161.4 1 6
github.com/thediveo/lxkns/discovery.go:169.51,176.40 2 1
github.com/thediveo/lxkns/discovery.go:183.2,183.37 1 1
github.com/thediveo/lxkns/discovery.go:192.2,192.36 1 1
github.com/thediveo/lxkns/discovery.go:204.2,204.62 1 1
github.com/thediveo/lxkns/discovery.go:207.2,207.61 1 1
github.com/thediveo/lxkns/discovery.go:214.2,214.15 1 1
github.com/thediveo/lxkns/discovery.go:176.40,181.3 1 1
github.com/thediveo/lxkns/discovery.go:183.37,185.3 1 8
github.com/thediveo/lxkns/discovery.go:192.36,193.28 1 5
github.com/thediveo/lxkns/discovery.go:193.28,195.4 1 2
github.com/thediveo/lxkns/discovery.go:195.9,196.42 1 3
github.com/thediveo/lxkns/discovery.go:196.42,197.91 1 18
github.com/thediveo/lxkns/discovery.go:197.91,199.6 1 18
github.com/thediveo/lxkns/discovery.go:204.62,206.3 1 1
github.com/thediveo/lxkns/discovery.go:207.61,209.3 1 1
github.com/thediveo/lxkns/species/species.go:60.43,63.2 2 390
github.com/thediveo/lxkns/species/species.go:67.45,68.16 1 0
github.com/thediveo/lxkns/species/species.go:69.12,70.16 1 0
github.com/thediveo/lxkns/species/species.go:71.19,72.23 1 0
github.com/thediveo/lxkns/species/species.go:73.23,74.27 1 0
github.com/thediveo/lxkns/species/species.go:75.20,76.24 1 0
github.com/thediveo/lxkns/species/species.go:77.20,78.24 1 0
github.com/thediveo/lxkns/species/species.go:79.21,80.25 1 0
github.com/thediveo/lxkns/species/species.go:81.20,82.24 1 0
github.com/thediveo/lxkns/species/species.go:83.20,84.24 1 0
github.com/thediveo/lxkns/species/species.go:85.21,86.25 1 0
github.com/thediveo/lxkns/species/species.go:87.10,88.71 1 0
github.com/thediveo/lxkns/species/species.go:108.44,111.2 2 220
github.com/thediveo/lxkns/species/species.go:117.13,118.39 1 1
github.com/thediveo/lxkns/species/species.go:118.39,120.3 1 8
github.com/thediveo/lxkns/discovery_bindmount.go:51.85,52.35 1 1
github.com/thediveo/lxkns/discovery_bindmount.go:58.2,58.71 1 0
github.com/thediveo/lxkns/discovery_bindmount.go:80.2,86.57 3 0
github.com/thediveo/lxkns/discovery_bindmount.go:93.2,104.30 5 0
github.com/thediveo/lxkns/discovery_bindmount.go:52.35,54.3 1 1
github.com/thediveo/lxkns/discovery_bindmount.go:58.71,59.42 1 0
github.com/thediveo/lxkns/discovery_bindmount.go:59.42,64.11 3 0
github.com/thediveo/lxkns/discovery_bindmount.go:73.4,73.82 1 0
github.com/thediveo/lxkns/discovery_bindmount.go:64.11,70.5 3 0
github.com/thediveo/lxkns/discovery_bindmount.go:73.82,75.5 1 0
github.com/thediveo/lxkns/discovery_bindmount.go:86.57,88.3 1 0
github.com/thediveo/lxkns/discovery_bindmount.go:104.30,107.44 3 0
github.com/thediveo/lxkns/discovery_bindmount.go:119.3,120.77 2 0
github.com/thediveo/lxkns/discovery_bindmount.go:136.3,139.71 3 0
github.com/thediveo/lxkns/discovery_bindmount.go:107.44,108.12 1 0
github.com/thediveo/lxkns/discovery_bindmount.go:120.77,125.32 3 0
github.com/thediveo/lxkns/discovery_bindmount.go:125.32,132.5 1 0
github.com/thediveo/lxkns/discovery_bindmount.go:139.71,144.4 1 0
github.com/thediveo/lxkns/discovery_bindmount.go:144.10,147.4 0 0
github.com/thediveo/lxkns/discovery_bindmount.go:152.13,154.2 1 1
github.com/thediveo/lxkns/discovery_bindmount.go:160.31,161.77 1 0
github.com/thediveo/lxkns/discovery_bindmount.go:161.77,162.21 1 0
github.com/thediveo/lxkns/discovery_bindmount.go:168.51,177.30 3 0
github.com/thediveo/lxkns/discovery_bindmount.go:202.2,202.24 1 0
github.com/thediveo/lxkns/discovery_bindmount.go:177.30,189.17 6 0
github.com/thediveo/lxkns/discovery_bindmount.go:192.3,196.46 3 0
github.com/thediveo/lxkns/discovery_bindmount.go:200.3,200.45 1 0
github.com/thediveo/lxkns/discovery_bindmount.go:189.17,190.12 1 0
github.com/thediveo/lxkns/discovery_bindmount.go:196.46,199.4 2 0
github.com/thediveo/lxkns/discovery_owners.go:32.88,33.69 1 8
github.com/thediveo/lxkns/discovery_owners.go:39.2,42.27 4 7
github.com/thediveo/lxkns/discovery_owners.go:33.69,35.3 1 1
github.com/thediveo/lxkns/discovery_owners.go:42.27,44.3 1 6
github.com/thediveo/lxkns/ops/file.go:42.70,43.28 1 0
github.com/thediveo/lxkns/ops/file.go:46.2,46.48 1 0
github.com/thediveo/lxkns/ops/file.go:43.28,45.3 1 0
github.com/thediveo/lxkns/ops/file.go:51.86,52.16 1 0
github.com/thediveo/lxkns/ops/file.go:55.2,55.48 1 0
github.com/thediveo/lxkns/ops/file.go:58.2,60.38 1 0
github.com/thediveo/lxkns/ops/file.go:52.16,54.3 1 0
github.com/thediveo/lxkns/ops/file.go:55.48,57.3 1 0
github.com/thediveo/lxkns/ops/file.go:66.46,74.15 1 3
github.com/thediveo/lxkns/ops/file.go:79.2,79.65 1 3
github.com/thediveo/lxkns/ops/file.go:74.15,75.35 1 3
github.com/thediveo/lxkns/ops/file.go:75.35,77.4 1 0
github.com/thediveo/lxkns/ops/file.go:86.64,88.16 2 0
github.com/thediveo/lxkns/ops/file.go:91.2,91.38 1 0
github.com/thediveo/lxkns/ops/file.go:88.16,90.3 1 0
github.com/thediveo/lxkns/ops/file.go:96.60,98.2 1 249
github.com/thediveo/lxkns/ops/file.go:104.53,113.2 2 114
github.com/thediveo/lxkns/ops/file.go:120.55,126.2 2 0
github.com/thediveo/lxkns/ops/file.go:132.50,134.2 1 4
github.com/thediveo/lxkns/ops/file.go:140.86,142.16 2 0
github.com/thediveo/lxkns/ops/file.go:145.2,145.25 1 0
github.com/thediveo/lxkns/ops/file.go:142.16,144.3 1 0
github.com/thediveo/lxkns/ops/file.go:145.26,145.27 0 0
github.com/thediveo/lxkns/ops/file.go:159.58,160.31 1 0
github.com/thediveo/lxkns/ops/file.go:160.32,160.33 0 0
github.com/thediveo/lxkns/ops/switchns.go:37.47,39.12 2 0
github.com/thediveo/lxkns/ops/switchns.go:78.2,78.18 1 0
github.com/thediveo/lxkns/ops/switchns.go:39.12,46.32 2 0
github.com/thediveo/lxkns/ops/switchns.go:72.3,73.6 2 0
github.com/thediveo/lxkns/ops/switchns.go:46.32,57.18 2 0
github.com/thediveo/lxkns/ops/switchns.go:61.4,63.18 3 0
github.com/thediveo/lxkns/ops/switchns.go:57.18,60.5 2 0
github.com/thediveo/lxkns/ops/switchns.go:63.18,68.5 2 0
github.com/thediveo/lxkns/ops/switchns.go:84.79,86.22 2 0
github.com/thediveo/lxkns/ops/switchns.go:91.2,91.22 1 0
github.com/thediveo/lxkns/ops/switchns.go:86.22,88.3 1 0
github.com/thediveo/lxkns/ops/switchns.go:88.28,90.3 1 0
github.com/thediveo/lxkns/ops/switchns.go:111.56,120.15 4 0
github.com/thediveo/lxkns/ops/switchns.go:149.2,149.31 1 0
github.com/thediveo/lxkns/ops/switchns.go:208.2,209.8 2 0
github.com/thediveo/lxkns/ops/switchns.go:120.15,125.51 1 0
github.com/thediveo/lxkns/ops/switchns.go:137.3,137.41 1 0
github.com/thediveo/lxkns/ops/switchns.go:125.51,126.80 1 0
github.com/thediveo/lxkns/ops/switchns.go:133.4,133.28 1 0
github.com/thediveo/lxkns/ops/switchns.go:126.80,132.5 1 0
github.com/thediveo/lxkns/ops/switchns.go:137.41,139.4 1 0
github.com/thediveo/lxkns/ops/switchns.go:149.31,157.17 4 0
github.com/thediveo/lxkns/ops/switchns.go:161.3,165.17 4 0
github.com/thediveo/lxkns/ops/switchns.go:170.3,172.23 3 0
github.com/thediveo/lxkns/ops/switchns.go:179.3,183.17 5 0
github.com/thediveo/lxkns/ops/switchns.go:192.3,195.17 4 0
github.com/thediveo/lxkns/ops/switchns.go:201.3,205.5 1 0
github.com/thediveo/lxkns/ops/switchns.go:157.17,160.4 2 0
github.com/thediveo/lxkns/ops/switchns.go:165.17,169.4 3 0
github.com/thediveo/lxkns/ops/switchns.go:172.23,178.4 4 0
github.com/thediveo/lxkns/ops/switchns.go:183.17,189.4 4 0
github.com/thediveo/lxkns/ops/switchns.go:195.17,199.4 3 0
github.com/thediveo/lxkns/ops/fd.go:37.41,39.2 1 0
github.com/thediveo/lxkns/ops/fd.go:45.63,47.16 2 0
github.com/thediveo/lxkns/ops/fd.go:50.2,50.38 1 0
github.com/thediveo/lxkns/ops/fd.go:47.16,49.3 1 0
github.com/thediveo/lxkns/ops/fd.go:57.59,59.2 1 0
github.com/thediveo/lxkns/ops/fd.go:67.52,76.2 2 0
github.com/thediveo/lxkns/ops/fd.go:83.54,89.2 2 0
github.com/thediveo/lxkns/ops/fd.go:95.49,97.2 1 0
github.com/thediveo/lxkns/ops/fd.go:103.64,105.46 2 249
github.com/thediveo/lxkns/ops/fd.go:108.2,108.63 1 249
github.com/thediveo/lxkns/ops/fd.go:105.46,107.3 1 0
github.com/thediveo/lxkns/ops/fd.go:115.85,117.16 2 0
github.com/thediveo/lxkns/ops/fd.go:120.2,121.25 2 0
github.com/thediveo/lxkns/ops/fd.go:117.16,119.3 1 0
github.com/thediveo/lxkns/ops/fd.go:121.26,121.27 0 0
github.com/thediveo/lxkns/ops/fd.go:134.71,135.27 1 0
github.com/thediveo/lxkns/ops/fd.go:135.28,135.29 0 0
github.com/thediveo/lxkns/cmd/internal/pkg/cli/cli.go:24.39,25.60 1 1
github.com/thediveo/lxkns/cmd/internal/pkg/cli/cli.go:25.60,27.3 1 1
github.com/thediveo/lxkns/cmd/internal/pkg/cli/cli.go:33.28,34.61 1 2
github.com/thediveo/lxkns/cmd/internal/pkg/cli/cli.go:39.2,39.12 1 1
github.com/thediveo/lxkns/cmd/internal/pkg/cli/cli.go:34.61,35.48 1 2
github.com/thediveo/lxkns/cmd/internal/pkg/cli/cli.go:35.48,37.4 1 1
github.com/thediveo/lxkns/species/species.go:60.43,63.2 2 0
github.com/thediveo/lxkns/species/species.go:67.45,68.16 1 0
github.com/thediveo/lxkns/species/species.go:69.12,70.16 1 0
github.com/thediveo/lxkns/species/species.go:71.19,72.23 1 0
github.com/thediveo/lxkns/species/species.go:73.23,74.27 1 0
github.com/thediveo/lxkns/species/species.go:75.20,76.24 1 0
github.com/thediveo/lxkns/species/species.go:77.20,78.24 1 0
github.com/thediveo/lxkns/species/species.go:79.21,80.25 1 0
github.com/thediveo/lxkns/species/species.go:81.20,82.24 1 0
github.com/thediveo/lxkns/species/species.go:83.20,84.24 1 0
github.com/thediveo/lxkns/species/species.go:85.21,86.25 1 0
github.com/thediveo/lxkns/species/species.go:87.10,88.71 1 0
github.com/thediveo/lxkns/species/species.go:108.44,111.2 2 0
github.com/thediveo/lxkns/species/species.go:117.13,118.39 1 1
github.com/thediveo/lxkns/species/species.go:118.39,120.3 1 8
github.com/thediveo/lxkns/model/namespaces.go:93.65,94.40 1 0
github.com/thediveo/lxkns/model/namespaces.go:97.2,97.11 1 0
github.com/thediveo/lxkns/model/namespaces.go:94.40,96.3 1 0
github.com/thediveo/lxkns/model/namespaces.go:200.40,202.69 2 0
github.com/thediveo/lxkns/model/namespaces.go:205.2,205.14 1 0
github.com/thediveo/lxkns/model/namespaces.go:202.69,204.3 1 0
github.com/thediveo/lxkns/model/process.go:61.48,62.24 1 0
github.com/thediveo/lxkns/model/process.go:71.2,71.20 1 0
github.com/thediveo/lxkns/model/process.go:76.2,76.20 1 0
github.com/thediveo/lxkns/model/process.go:79.2,79.8 1 0
github.com/thediveo/lxkns/model/process.go:62.24,63.60 1 0
github.com/thediveo/lxkns/model/process.go:63.60,65.4 1 0
github.com/thediveo/lxkns/model/process.go:65.9,67.4 1 0
github.com/thediveo/lxkns/model/process.go:71.20,73.3 1 0
github.com/thediveo/lxkns/model/process.go:76.20,78.3 1 0
github.com/thediveo/lxkns/model/process.go:85.46,87.2 1 0
github.com/thediveo/lxkns/model/process.go:91.63,94.16 3 0
github.com/thediveo/lxkns/model/process.go:97.2,98.17 2 0
github.com/thediveo/lxkns/model/process.go:104.2,105.16 2 0
github.com/thediveo/lxkns/model/process.go:112.2,112.13 1 0
github.com/thediveo/lxkns/model/process.go:94.16,96.3 1 0
github.com/thediveo/lxkns/model/process.go:98.17,100.3 1 0
[...]
github.com/thediveo/lxkns/ops/switchns.go:149.2,149.31 1 0
github.com/thediveo/lxkns/ops/switchns.go:149.31,157.17 4 0
github.com/thediveo/lxkns/ops/switchns.go:157.17,160.4 2 0
github.com/thediveo/lxkns/ops/switchns.go:161.3,165.17 4 0
github.com/thediveo/lxkns/ops/switchns.go:165.17,169.4 3 0
github.com/thediveo/lxkns/ops/switchns.go:170.3,172.23 3 0
github.com/thediveo/lxkns/ops/switchns.go:172.23,178.4 4 0
github.com/thediveo/lxkns/ops/switchns.go:179.3,183.17 5 0
github.com/thediveo/lxkns/ops/switchns.go:183.17,189.4 4 0
github.com/thediveo/lxkns/ops/switchns.go:192.3,195.17 4 0
github.com/thediveo/lxkns/ops/switchns.go:195.17,199.4 3 0
github.com/thediveo/lxkns/ops/switchns.go:201.3,205.5 1 0
github.com/thediveo/lxkns/ops/switchns.go:208.2,209.8 2 0
github.com/thediveo/lxkns/ops/typedfd.go:38.91,39.16 1 0
github.com/thediveo/lxkns/ops/typedfd.go:47.24,51.9 1 0
github.com/thediveo/lxkns/ops/typedfd.go:53.2,53.61 1 0
github.com/thediveo/lxkns/ops/typedfd.go:61.46,63.2 1 0
github.com/thediveo/lxkns/ops/typedfd.go:70.68,72.2 1 0
github.com/thediveo/lxkns/ops/typedfd.go:78.91,79.22 1 0
github.com/thediveo/lxkns/ops/typedfd.go:79.23,79.24 0 0
github.com/thediveo/lxkns/ops/typedfile.go:41.99,42.29 1 1348
github.com/thediveo/lxkns/ops/typedfile.go:42.29,44.17 2 0
github.com/thediveo/lxkns/ops/typedfile.go:44.17,46.4 1 0
github.com/thediveo/lxkns/ops/typedfile.go:47.3,47.36 1 0
github.com/thediveo/lxkns/ops/typedfile.go:49.2,52.8 1 1348
github.com/thediveo/lxkns/ops/typedfile.go:62.137,63.16 1 1176
github.com/thediveo/lxkns/ops/typedfile.go:63.16,64.15 1 3
github.com/thediveo/lxkns/ops/typedfile.go:64.15,66.4 1 3
github.com/thediveo/lxkns/ops/typedfile.go:67.3,67.49 1 0
github.com/thediveo/lxkns/ops/typedfile.go:69.2,69.48 1 1173
github.com/thediveo/lxkns/ops/typedfile.go:69.48,74.3 1 1173
github.com/thediveo/lxkns/ops/typedfile.go:75.2,77.47 1 0
github.com/thediveo/lxkns/ops/typedfile.go:85.69,87.2 1 0
github.com/thediveo/lxkns/ops/typedfile.go:94.60,99.2 2 5
github.com/thediveo/lxkns/ops/typedfile.go:106.91,107.21 1 0
github.com/thediveo/lxkns/ops/typedfile.go:107.22,107.23 0 0
github.com/thediveo/lxkns/ops/typedfile.go:121.63,122.31 1 0
github.com/thediveo/lxkns/ops/typedfile.go:122.32,122.33 0 0
github.com/thediveo/lxkns/ops/typedpath.go:42.91,44.2 1 0
github.com/thediveo/lxkns/ops/typedpath.go:50.47,53.2 1 0
github.com/thediveo/lxkns/ops/typedpath.go:60.69,62.2 1 0
github.com/thediveo/lxkns/ops/typedpath.go:69.60,71.16 2 0
github.com/thediveo/lxkns/ops/typedpath.go:71.16,73.3 1 0
github.com/thediveo/lxkns/ops/typedpath.go:74.2,81.82 3 0
github.com/thediveo/lxkns/ops/typedpath.go:88.91,90.16 2 0
github.com/thediveo/lxkns/ops/typedpath.go:90.16,92.3 1 0
github.com/thediveo/lxkns/ops/typedpath.go:93.2,94.16 2 0
github.com/thediveo/lxkns/ops/typedpath.go:94.16,96.3 1 0
github.com/thediveo/lxkns/ops/typedpath.go:97.2,97.25 1 0
github.com/thediveo/lxkns/ops/typedpath.go:97.25,97.44 1 0
github.com/thediveo/lxkns/pidmap.go:43.49,45.26 2 0
github.com/thediveo/lxkns/pidmap.go:45.26,47.3 1 0
github.com/thediveo/lxkns/pidmap.go:48.2,48.13 1 0
github.com/thediveo/lxkns/pidmap.go:62.104,63.74 1 0
github.com/thediveo/lxkns/pidmap.go:63.74,64.48 1 0
github.com/thediveo/lxkns/pidmap.go:64.48,65.33 1 0
github.com/thediveo/lxkns/pidmap.go:65.33,67.5 1 0
github.com/thediveo/lxkns/pidmap.go:70.2,70.10 1 0
github.com/thediveo/lxkns/pidmap.go:78.90,79.74 1 0
github.com/thediveo/lxkns/pidmap.go:79.74,82.39 3 0
github.com/thediveo/lxkns/pidmap.go:82.39,84.4 1 0
github.com/thediveo/lxkns/pidmap.go:85.3,85.16 1 0
github.com/thediveo/lxkns/pidmap.go:87.2,87.12 1 0
github.com/thediveo/lxkns/pidmap.go:92.46,96.37 2 0
github.com/thediveo/lxkns/pidmap.go:96.37,106.19 4 0
github.com/thediveo/lxkns/pidmap.go:106.19,107.12 1 0
github.com/thediveo/lxkns/pidmap.go:109.3,111.20 3 0
github.com/thediveo/lxkns/pidmap.go:111.20,118.4 3 0
github.com/thediveo/lxkns/pidmap.go:119.3,119.21 1 0
github.com/thediveo/lxkns/pidmap.go:119.21,121.12 1 0
github.com/thediveo/lxkns/pidmap.go:126.3,126.48 1 0
github.com/thediveo/lxkns/pidmap.go:126.48,128.4 1 0
github.com/thediveo/lxkns/pidmap.go:130.2,130.11 1 0
github.com/thediveo/lxkns/pidmap.go:140.56,142.16 2 0
github.com/thediveo/lxkns/pidmap.go:142.16,144.3 1 0
github.com/thediveo/lxkns/pidmap.go:145.2,149.21 3 0
github.com/thediveo/lxkns/pidmap.go:149.21,151.42 2 0
github.com/thediveo/lxkns/pidmap.go:151.42,154.38 3 0
github.com/thediveo/lxkns/pidmap.go:154.38,156.19 2 0
github.com/thediveo/lxkns/pidmap.go:156.19,158.6 1 0
github.com/thediveo/lxkns/pidmap.go:159.5,159.35 1 0
github.com/thediveo/lxkns/pidmap.go:161.4,161.10 1 0
github.com/thediveo/lxkns/pidmap.go:164.2,164.63 1 0
github.com/thediveo/lxkns/reexec.go:28.104,30.2 1 14
github.com/thediveo/lxkns/reexec.go:37.125,39.30 2 14
github.com/thediveo/lxkns/reexec.go:39.30,42.3 2 14
github.com/thediveo/lxkns/reexec.go:43.2,43.65 1 14
github.com/thediveo/lxkns/species/id.go:60.41,61.20 1 0
github.com/thediveo/lxkns/species/id.go:61.20,64.3 1 0
github.com/thediveo/lxkns/species/id.go:65.2,65.17 1 0
github.com/thediveo/lxkns/species/id.go:79.61,83.58 2 1057
github.com/thediveo/lxkns/species/id.go:83.58,85.3 1 347
github.com/thediveo/lxkns/species/id.go:87.2,88.9 2 710
github.com/thediveo/lxkns/species/id.go:88.9,90.3 1 702
github.com/thediveo/lxkns/species/id.go:91.2,92.16 2 8
github.com/thediveo/lxkns/species/id.go:92.16,96.3 1 0
github.com/thediveo/lxkns/species/id.go:99.2,99.32 1 8
github.com/thediveo/lxkns/species/id.go:99.32,101.3 1 8
github.com/thediveo/lxkns/species/id.go:102.2,102.18 1 0
github.com/thediveo/lxkns/species/id.go:112.51,113.44 1 10
github.com/thediveo/lxkns/species/id.go:113.44,115.3 1 10
github.com/thediveo/lxkns/species/id.go:116.2,116.15 1 0
github.com/thediveo/lxkns/species/id.go:129.23,130.27 1 22
github.com/thediveo/lxkns/species/id.go:130.27,132.63 2 4
github.com/thediveo/lxkns/species/id.go:132.63,134.4 1 0
github.com/thediveo/lxkns/species/id.go:134.9,136.4 1 4
github.com/thediveo/lxkns/species/id.go:138.2,138.16 1 22
github.com/thediveo/lxkns/species/species.go:60.43,63.2 2 22
github.com/thediveo/lxkns/species/species.go:67.45,68.16 1 0
github.com/thediveo/lxkns/species/species.go:69.12,70.16 1 0
github.com/thediveo/lxkns/species/species.go:71.19,72.23 1 0
github.com/thediveo/lxkns/species/species.go:73.23,74.27 1 0
github.com/thediveo/lxkns/species/species.go:75.20,76.24 1 0
github.com/thediveo/lxkns/species/species.go:77.20,78.24 1 0
github.com/thediveo/lxkns/species/species.go:79.21,80.25 1 0
github.com/thediveo/lxkns/species/species.go:81.20,82.24 1 0
github.com/thediveo/lxkns/species/species.go:83.20,84.24 1 0
github.com/thediveo/lxkns/species/species.go:85.21,86.25 1 0
github.com/thediveo/lxkns/species/species.go:87.10,88.71 1 0
github.com/thediveo/lxkns/species/species.go:108.44,111.2 2 0
github.com/thediveo/lxkns/species/species.go:117.13,118.39 1 4
github.com/thediveo/lxkns/species/species.go:118.39,120.3 1 32
github.com/thediveo/lxkns/ops/file.go:42.70,43.28 1 8
github.com/thediveo/lxkns/ops/file.go:46.2,46.48 1 1
github.com/thediveo/lxkns/ops/file.go:43.28,45.3 1 7
github.com/thediveo/lxkns/ops/file.go:51.86,52.16 1 5
github.com/thediveo/lxkns/ops/file.go:55.2,55.48 1 4
github.com/thediveo/lxkns/ops/file.go:58.2,60.38 1 1
github.com/thediveo/lxkns/ops/file.go:52.16,54.3 1 1
github.com/thediveo/lxkns/ops/file.go:55.48,57.3 1 3
github.com/thediveo/lxkns/ops/file.go:66.46,74.15 1 8
github.com/thediveo/lxkns/ops/file.go:79.2,79.65 1 8
github.com/thediveo/lxkns/ops/file.go:74.15,75.35 1 8
github.com/thediveo/lxkns/ops/file.go:75.35,77.4 1 1
github.com/thediveo/lxkns/ops/file.go:86.64,88.16 2 2
github.com/thediveo/lxkns/ops/file.go:91.2,91.38 1 1
github.com/thediveo/lxkns/ops/file.go:88.16,90.3 1 1
github.com/thediveo/lxkns/ops/file.go:96.60,98.2 1 9
github.com/thediveo/lxkns/ops/file.go:104.53,113.2 2 1
github.com/thediveo/lxkns/ops/file.go:120.55,126.2 2 2
github.com/thediveo/lxkns/ops/file.go:132.50,134.2 1 1
github.com/thediveo/lxkns/ops/file.go:140.86,142.16 2 2
github.com/thediveo/lxkns/ops/file.go:145.2,145.25 1 1
github.com/thediveo/lxkns/ops/file.go:142.16,144.3 1 1
github.com/thediveo/lxkns/ops/file.go:145.26,145.27 0 0
github.com/thediveo/lxkns/ops/file.go:159.58,160.31 1 1
github.com/thediveo/lxkns/ops/file.go:160.32,160.33 0 1
github.com/thediveo/lxkns/ops/switchns.go:37.47,39.12 2 5
github.com/thediveo/lxkns/ops/switchns.go:78.2,78.18 1 5
github.com/thediveo/lxkns/ops/switchns.go:39.12,46.32 2 5
github.com/thediveo/lxkns/ops/switchns.go:72.3,73.6 2 3
github.com/thediveo/lxkns/ops/switchns.go:46.32,57.18 2 4
github.com/thediveo/lxkns/ops/switchns.go:61.4,63.18 3 2
github.com/thediveo/lxkns/ops/switchns.go:57.18,60.5 2 2
github.com/thediveo/lxkns/ops/switchns.go:63.18,68.5 2 0
github.com/thediveo/lxkns/ops/switchns.go:84.79,86.22 2 3
github.com/thediveo/lxkns/ops/switchns.go:91.2,91.22 1 2
github.com/thediveo/lxkns/ops/switchns.go:86.22,88.3 1 2
github.com/thediveo/lxkns/ops/switchns.go:88.28,90.3 1 1
github.com/thediveo/lxkns/ops/switchns.go:111.56,120.15 4 6
github.com/thediveo/lxkns/ops/switchns.go:149.2,149.31 1 6
github.com/thediveo/lxkns/ops/switchns.go:208.2,209.8 2 1
github.com/thediveo/lxkns/ops/switchns.go:120.15,125.51 1 6
github.com/thediveo/lxkns/ops/switchns.go:137.3,137.41 1 6
github.com/thediveo/lxkns/ops/switchns.go:125.51,126.80 1 1
github.com/thediveo/lxkns/ops/switchns.go:133.4,133.28 1 1
github.com/thediveo/lxkns/ops/switchns.go:126.80,132.5 1 0
github.com/thediveo/lxkns/ops/switchns.go:137.41,139.4 1 6
github.com/thediveo/lxkns/ops/switchns.go:149.31,157.17 4 6
github.com/thediveo/lxkns/ops/switchns.go:161.3,165.17 4 4
github.com/thediveo/lxkns/ops/switchns.go:170.3,172.23 3 3
github.com/thediveo/lxkns/ops/switchns.go:179.3,183.17 5 2
github.com/thediveo/lxkns/ops/switchns.go:192.3,195.17 4 2
github.com/thediveo/lxkns/ops/switchns.go:201.3,205.5 1 1
github.com/thediveo/lxkns/ops/switchns.go:157.17,160.4 2 2
github.com/thediveo/lxkns/ops/switchns.go:165.17,169.4 3 1
github.com/thediveo/lxkns/ops/switchns.go:172.23,178.4 4 1
github.com/thediveo/lxkns/ops/switchns.go:183.17,189.4 4 0
github.com/thediveo/lxkns/ops/switchns.go:195.17,199.4 3 1
github.com/thediveo/lxkns/ops/owneruid.go:33.52,43.16 3 4
github.com/thediveo/lxkns/ops/owneruid.go:46.2,46.22 1 3
github.com/thediveo/lxkns/ops/owneruid.go:43.16,45.3 1 1
github.com/thediveo/lxkns/ops/path.go:34.42,36.2 1 9
github.com/thediveo/lxkns/ops/path.go:42.64,47.16 2 4
github.com/thediveo/lxkns/ops/path.go:50.2,52.16 3 3
github.com/thediveo/lxkns/ops/path.go:55.2,55.38 1 2
github.com/thediveo/lxkns/ops/path.go:47.16,49.3 1 1
github.com/thediveo/lxkns/ops/path.go:52.16,54.3 1 1
github.com/thediveo/lxkns/ops/path.go:60.60,63.16 2 9
github.com/thediveo/lxkns/ops/path.go:66.2,67.27 2 8
github.com/thediveo/lxkns/ops/path.go:63.16,65.3 1 1
github.com/thediveo/lxkns/ops/path.go:74.53,77.16 2 3
github.com/thediveo/lxkns/ops/path.go:80.2,88.91 3 2
github.com/thediveo/lxkns/ops/path.go:77.16,79.3 1 1
github.com/thediveo/lxkns/ops/path.go:96.55,98.16 2 2
github.com/thediveo/lxkns/ops/path.go:101.2,106.48 3 1
github.com/thediveo/lxkns/ops/path.go:98.16,100.3 1 1
github.com/thediveo/lxkns/ops/path.go:113.50,115.16 2 2
github.com/thediveo/lxkns/ops/path.go:118.2,119.26 2 1
github.com/thediveo/lxkns/ops/path.go:115.16,117.3 1 1
github.com/thediveo/lxkns/ops/path.go:126.86,128.16 2 4
github.com/thediveo/lxkns/ops/path.go:131.2,132.16 2 3
github.com/thediveo/lxkns/ops/path.go:135.2,135.25 1 2
github.com/thediveo/lxkns/ops/path.go:128.16,130.3 1 1
github.com/thediveo/lxkns/ops/path.go:132.16,134.3 1 1
github.com/thediveo/lxkns/ops/path.go:135.25,135.44 1 2
github.com/thediveo/lxkns/ops/path.go:149.58,152.16 3 8
github.com/thediveo/lxkns/ops/path.go:155.2,155.26 1 5
github.com/thediveo/lxkns/ops/path.go:152.16,154.3 1 3
github.com/thediveo/lxkns/ops/path.go:155.26,155.50 1 5
github.com/thediveo/lxkns/ops/typedfd.go:38.91,39.16 1 5
github.com/thediveo/lxkns/ops/typedfd.go:53.2,53.61 1 1
github.com/thediveo/lxkns/ops/typedfd.go:47.24,51.9 1 4
github.com/thediveo/lxkns/ops/typedfd.go:61.46,63.2 1 2
github.com/thediveo/lxkns/ops/typedfd.go:70.68,72.2 1 1
github.com/thediveo/lxkns/ops/typedfd.go:78.91,79.22 1 1
github.com/thediveo/lxkns/ops/typedfd.go:79.23,79.24 0 0
github.com/thediveo/lxkns/ops/typedpath.go:42.91,44.2 1 8
github.com/thediveo/lxkns/ops/typedpath.go:50.47,53.2 1 5
github.com/thediveo/lxkns/ops/typedpath.go:60.69,62.2 1 1
github.com/thediveo/lxkns/ops/typedpath.go:69.60,71.16 2 2
github.com/thediveo/lxkns/ops/typedpath.go:74.2,81.82 3 1
github.com/thediveo/lxkns/ops/typedpath.go:71.16,73.3 1 1
github.com/thediveo/lxkns/ops/typedpath.go:88.91,90.16 2 4
github.com/thediveo/lxkns/ops/typedpath.go:93.2,94.16 2 3
github.com/thediveo/lxkns/ops/typedpath.go:97.2,97.25 1 2
github.com/thediveo/lxkns/ops/typedpath.go:90.16,92.3 1 1
github.com/thediveo/lxkns/ops/typedpath.go:94.16,96.3 1 1
github.com/thediveo/lxkns/ops/typedpath.go:97.25,97.44 1 2
github.com/thediveo/lxkns/ops/errors.go:42.83,43.18 1 19
github.com/thediveo/lxkns/ops/errors.go:46.2,46.67 1 18
github.com/thediveo/lxkns/ops/errors.go:43.18,45.3 1 1
github.com/thediveo/lxkns/ops/errors.go:51.98,56.2 1 7
github.com/thediveo/lxkns/ops/errors.go:59.48,61.17 2 11
github.com/thediveo/lxkns/ops/errors.go:64.2,64.18 1 11
github.com/thediveo/lxkns/ops/errors.go:67.2,67.10 1 11
github.com/thediveo/lxkns/ops/errors.go:61.17,63.3 1 10
github.com/thediveo/lxkns/ops/errors.go:64.18,66.3 1 9
github.com/thediveo/lxkns/ops/errors.go:71.48,71.64 1 1
github.com/thediveo/lxkns/ops/errors.go:74.50,77.18 2 5
github.com/thediveo/lxkns/ops/errors.go:80.2,80.10 1 5
github.com/thediveo/lxkns/ops/errors.go:77.18,79.3 1 5
github.com/thediveo/lxkns/ops/typedfile.go:41.99,42.29 1 10
github.com/thediveo/lxkns/ops/typedfile.go:49.2,52.8 1 7
github.com/thediveo/lxkns/ops/typedfile.go:42.29,44.17 2 7
github.com/thediveo/lxkns/ops/typedfile.go:47.3,47.36 1 4
github.com/thediveo/lxkns/ops/typedfile.go:44.17,46.4 1 3
github.com/thediveo/lxkns/ops/typedfile.go:62.137,63.16 1 9
github.com/thediveo/lxkns/ops/typedfile.go:69.2,69.48 1 6
github.com/thediveo/lxkns/ops/typedfile.go:75.2,77.47 1 1
github.com/thediveo/lxkns/ops/typedfile.go:63.16,64.15 1 3
github.com/thediveo/lxkns/ops/typedfile.go:67.3,67.49 1 1
github.com/thediveo/lxkns/ops/typedfile.go:64.15,66.4 1 2
github.com/thediveo/lxkns/ops/typedfile.go:69.48,74.3 1 5
github.com/thediveo/lxkns/ops/typedfile.go:85.69,87.2 1 3
github.com/thediveo/lxkns/ops/typedfile.go:94.60,99.2 2 1
github.com/thediveo/lxkns/ops/typedfile.go:106.91,107.21 1 1
github.com/thediveo/lxkns/ops/typedfile.go:107.22,107.23 0 0
github.com/thediveo/lxkns/ops/typedfile.go:121.63,122.31 1 3
github.com/thediveo/lxkns/ops/typedfile.go:122.32,122.33 0 3
github.com/thediveo/lxkns/species/id.go:60.41,61.20 1 0
github.com/thediveo/lxkns/species/id.go:65.2,65.17 1 0
github.com/thediveo/lxkns/species/id.go:61.20,64.3 1 0
github.com/thediveo/lxkns/species/id.go:79.61,83.58 2 0
github.com/thediveo/lxkns/species/id.go:87.2,88.9 2 0
github.com/thediveo/lxkns/species/id.go:91.2,92.16 2 0
github.com/thediveo/lxkns/species/id.go:99.2,99.32 1 0
github.com/thediveo/lxkns/species/id.go:102.2,102.18 1 0
github.com/thediveo/lxkns/species/id.go:83.58,85.3 1 0
github.com/thediveo/lxkns/species/id.go:88.9,90.3 1 0
github.com/thediveo/lxkns/species/id.go:92.16,96.3 1 0
github.com/thediveo/lxkns/species/id.go:99.32,101.3 1 0
github.com/thediveo/lxkns/species/id.go:112.51,113.44 1 0
github.com/thediveo/lxkns/species/id.go:116.2,116.15 1 0
github.com/thediveo/lxkns/species/id.go:113.44,115.3 1 0
github.com/thediveo/lxkns/species/id.go:129.23,130.27 1 1
github.com/thediveo/lxkns/species/id.go:138.2,138.16 1 1
github.com/thediveo/lxkns/species/id.go:130.27,132.63 2 1
github.com/thediveo/lxkns/species/id.go:132.63,134.4 1 0
github.com/thediveo/lxkns/species/id.go:134.9,136.4 1 1
github.com/thediveo/lxkns/species/species.go:60.43,63.2 2 12
github.com/thediveo/lxkns/species/species.go:67.45,68.16 1 2
github.com/thediveo/lxkns/species/species.go:69.12,70.16 1 1
github.com/thediveo/lxkns/species/species.go:71.19,72.23 1 0
github.com/thediveo/lxkns/species/species.go:73.23,74.27 1 0
github.com/thediveo/lxkns/species/species.go:75.20,76.24 1 0
github.com/thediveo/lxkns/species/species.go:77.20,78.24 1 0
github.com/thediveo/lxkns/species/species.go:79.21,80.25 1 0
github.com/thediveo/lxkns/species/species.go:81.20,82.24 1 1
github.com/thediveo/lxkns/species/species.go:83.20,84.24 1 0
github.com/thediveo/lxkns/species/species.go:85.21,86.25 1 0
github.com/thediveo/lxkns/species/species.go:87.10,88.71 1 0
github.com/thediveo/lxkns/species/species.go:108.44,111.2 2 0
github.com/thediveo/lxkns/species/species.go:117.13,118.39 1 1
github.com/thediveo/lxkns/species/species.go:118.39,120.3 1 8
github.com/thediveo/lxkns/ops/fd.go:37.41,39.2 1 5
github.com/thediveo/lxkns/ops/fd.go:45.63,47.16 2 2
github.com/thediveo/lxkns/ops/fd.go:50.2,50.38 1 1
github.com/thediveo/lxkns/ops/fd.go:47.16,49.3 1 1
github.com/thediveo/lxkns/ops/fd.go:57.59,59.2 1 2
github.com/thediveo/lxkns/ops/fd.go:67.52,76.2 2 2
github.com/thediveo/lxkns/ops/fd.go:83.54,89.2 2 1
github.com/thediveo/lxkns/ops/fd.go:95.49,97.2 1 2
github.com/thediveo/lxkns/ops/fd.go:103.64,105.46 2 19
github.com/thediveo/lxkns/ops/fd.go:108.2,108.63 1 17
github.com/thediveo/lxkns/ops/fd.go:105.46,107.3 1 2
github.com/thediveo/lxkns/ops/fd.go:115.85,117.16 2 2
github.com/thediveo/lxkns/ops/fd.go:120.2,121.25 2 1
github.com/thediveo/lxkns/ops/fd.go:117.16,119.3 1 1
github.com/thediveo/lxkns/ops/fd.go:121.26,121.27 0 0
github.com/thediveo/lxkns/ops/fd.go:134.71,135.27 1 1
github.com/thediveo/lxkns/ops/fd.go:135.28,135.29 0 1
github.com/thediveo/lxkns/ops/ioctl.go:53.45,55.2 1 31
github.com/thediveo/lxkns/ops/ioctl.go:57.33,59.2 1 31
github.com/thediveo/lxkns/ops/ioctl.go:74.43,77.16 2 27
github.com/thediveo/lxkns/ops/ioctl.go:80.2,80.24 1 17
github.com/thediveo/lxkns/ops/ioctl.go:77.16,79.3 1 10
github.com/thediveo/lxkns/species/id.go:60.41,61.20 1 2
github.com/thediveo/lxkns/species/id.go:65.2,65.17 1 1
github.com/thediveo/lxkns/species/id.go:61.20,64.3 1 1
github.com/thediveo/lxkns/species/id.go:79.61,83.58 2 8
github.com/thediveo/lxkns/species/id.go:87.2,88.9 2 5
github.com/thediveo/lxkns/species/id.go:91.2,92.16 2 3
github.com/thediveo/lxkns/species/id.go:99.2,99.32 1 2
github.com/thediveo/lxkns/species/id.go:102.2,102.18 1 0
github.com/thediveo/lxkns/species/id.go:83.58,85.3 1 3
github.com/thediveo/lxkns/species/id.go:88.9,90.3 1 2
github.com/thediveo/lxkns/species/id.go:92.16,96.3 1 1
github.com/thediveo/lxkns/species/id.go:99.32,101.3 1 2
github.com/thediveo/lxkns/species/id.go:112.51,113.44 1 3
github.com/thediveo/lxkns/species/id.go:116.2,116.15 1 1
github.com/thediveo/lxkns/species/id.go:113.44,115.3 1 2
github.com/thediveo/lxkns/species/id.go:129.23,130.27 1 6
github.com/thediveo/lxkns/species/id.go:138.2,138.16 1 6
github.com/thediveo/lxkns/species/id.go:130.27,132.63 2 1
github.com/thediveo/lxkns/species/id.go:132.63,134.4 1 0
github.com/thediveo/lxkns/species/id.go:134.9,136.4 1 1
github.com/thediveo/lxkns/species/species.go:60.43,63.2 2 2
github.com/thediveo/lxkns/species/species.go:67.45,68.16 1 10
github.com/thediveo/lxkns/species/species.go:69.12,70.16 1 1
github.com/thediveo/lxkns/species/species.go:71.19,72.23 1 2
github.com/thediveo/lxkns/species/species.go:73.23,74.27 1 1
github.com/thediveo/lxkns/species/species.go:75.20,76.24 1 1
github.com/thediveo/lxkns/species/species.go:77.20,78.24 1 1
github.com/thediveo/lxkns/species/species.go:79.21,80.25 1 1
github.com/thediveo/lxkns/species/species.go:81.20,82.24 1 1
github.com/thediveo/lxkns/species/species.go:83.20,84.24 1 1
github.com/thediveo/lxkns/species/species.go:85.21,86.25 1 0
github.com/thediveo/lxkns/species/species.go:87.10,88.71 1 1
github.com/thediveo/lxkns/species/species.go:108.44,111.2 2 8
github.com/thediveo/lxkns/species/species.go:117.13,118.39 1 1
github.com/thediveo/lxkns/species/species.go:118.39,120.3 1 8
